#
# There is insufficient memory for the Java Runtime Environment to continue.
# Native memory allocation (malloc) failed to allocate 1062416 bytes. Error detail: Chunk::new
# Possible reasons:
#   The system is out of physical RAM or swap space
#   This process is running with CompressedOops enabled, and the Java Heap may be blocking the growth of the native heap
# Possible solutions:
#   Reduce memory load on the system
#   Increase physical memory or swap space
#   Check if swap backing store is full
#   Decrease Java heap size (-Xmx/-Xms)
#   Decrease number of Java threads
#   Decrease Java thread stack sizes (-Xss)
#   Set larger code cache with -XX:ReservedCodeCacheSize=
#   JVM is running with Unscaled Compressed Oops mode in which the Java heap is
#     placed in the first 4GB address space. The Java Heap base address is the
#     maximum limit for the native heap growth. Please use -XX:HeapBaseMinAddress
#     to set the Java Heap base and to place the Java Heap above 4GB virtual address.
# This output file may be truncated or incomplete.
#
#  Out of Memory Error (arena.cpp:168), pid=35444, tid=22288
#
# JRE version: OpenJDK Runtime Environment (21.0.4) (build 21.0.4+-12508038-b607.1)
# Java VM: OpenJDK 64-Bit Server VM (21.0.4+-12508038-b607.1, mixed mode, tiered, compressed oops, compressed class ptrs, g1 gc, windows-amd64)
# No core dump will be written. Minidumps are not enabled by default on client versions of Windows
#

---------------  S U M M A R Y ------------

Command Line: --add-opens=java.base/java.util=ALL-UNNAMED --add-opens=java.base/java.lang=ALL-UNNAMED --add-opens=java.base/java.lang.invoke=ALL-UNNAMED --add-opens=java.prefs/java.util.prefs=ALL-UNNAMED --add-exports=jdk.compiler/com.sun.tools.javac.api=ALL-UNNAMED --add-exports=jdk.compiler/com.sun.tools.javac.util=ALL-UNNAMED --add-opens=java.base/java.nio.charset=ALL-UNNAMED --add-opens=java.base/java.net=ALL-UNNAMED --add-opens=java.base/java.util.concurrent.atomic=ALL-UNNAMED -Xmx2048m -Dfile.encoding=UTF-8 -Duser.country=PH -Duser.language=en -Duser.variant -javaagent:C:\Users\Acer\.gradle\wrapper\dists\gradle-8.10.2-bin\a04bxjujx95o3nb99gddekhwo\gradle-8.10.2\lib\agents\gradle-instrumentation-agent-8.10.2.jar org.gradle.launcher.daemon.bootstrap.GradleDaemon 8.10.2

Host: Intel(R) Core(TM) 5 120U, 12 cores, 7G,  Windows 11 , 64 bit Build 26100 (10.0.26100.3775)
Time: Fri May  2 17:59:09 2025 China Standard Time elapsed time: 10.446382 seconds (0d 0h 0m 10s)

---------------  T H R E A D  ---------------

Current thread (0x0000028df1a16ee0):  JavaThread "C2 CompilerThread1" daemon [_thread_in_native, id=22288, stack(0x000000d2e8400000,0x000000d2e8500000) (1024K)]


Current CompileTask:
C2:  10446 5173   !   4       java.net.URLClassLoader::findClass (47 bytes)

Stack: [0x000000d2e8400000,0x000000d2e8500000]
Native frames: (J=compiled Java code, j=interpreted, Vv=VM code, C=native code)
V  [jvm.dll+0x6ce539]
V  [jvm.dll+0x85bf03]
V  [jvm.dll+0x85e45e]
V  [jvm.dll+0x85eb43]
V  [jvm.dll+0x27dd06]
V  [jvm.dll+0xbf9cd]
V  [jvm.dll+0xbff03]
V  [jvm.dll+0x2f19c1]
V  [jvm.dll+0x5f8d79]
V  [jvm.dll+0x2503d2]
V  [jvm.dll+0x25078f]
V  [jvm.dll+0x249065]
V  [jvm.dll+0x2468be]
V  [jvm.dll+0x1c58a4]
V  [jvm.dll+0x255fec]
V  [jvm.dll+0x254536]
V  [jvm.dll+0x3efab6]
V  [jvm.dll+0x804418]
V  [jvm.dll+0x6cce0d]
C  [ucrtbase.dll+0x37b0]
C  [KERNEL32.DLL+0x2e8d7]
C  [ntdll.dll+0xb14fc]


---------------  P R O C E S S  ---------------

Threads class SMR info:
_java_thread_list=0x0000028df0e40ee0, length=33, elements={
0x0000028dcf578d00, 0x0000028de92324e0, 0x0000028de9234050, 0x0000028de9250500,
0x0000028de9252f70, 0x0000028de92539d0, 0x0000028de9254430, 0x0000028de9255960,
0x0000028de9256cd0, 0x0000028de93b1240, 0x0000028de9543f60, 0x0000028dee62e5b0,
0x0000028dee62df20, 0x0000028dee62d890, 0x0000028dee62f2d0, 0x0000028dee62c4e0,
0x0000028dee62cb70, 0x0000028def6494e0, 0x0000028def6487c0, 0x0000028def648e50,
0x0000028def646d80, 0x0000028def648130, 0x0000028def649b70, 0x0000028def6466f0,
0x0000028def64a890, 0x0000028def647410, 0x0000028def64af20, 0x0000028def647aa0,
0x0000028def64bc40, 0x0000028def64b5b0, 0x0000028def64c2d0, 0x0000028def64c960,
0x0000028df1a16ee0
}

Java Threads: ( => current thread )
  0x0000028dcf578d00 JavaThread "main"                              [_thread_blocked, id=35024, stack(0x000000d2e5a00000,0x000000d2e5b00000) (1024K)]
  0x0000028de92324e0 JavaThread "Reference Handler"          daemon [_thread_blocked, id=40188, stack(0x000000d2e6200000,0x000000d2e6300000) (1024K)]
  0x0000028de9234050 JavaThread "Finalizer"                  daemon [_thread_blocked, id=35360, stack(0x000000d2e6300000,0x000000d2e6400000) (1024K)]
  0x0000028de9250500 JavaThread "Signal Dispatcher"          daemon [_thread_blocked, id=39836, stack(0x000000d2e6400000,0x000000d2e6500000) (1024K)]
  0x0000028de9252f70 JavaThread "Attach Listener"            daemon [_thread_blocked, id=34760, stack(0x000000d2e6500000,0x000000d2e6600000) (1024K)]
  0x0000028de92539d0 JavaThread "Service Thread"             daemon [_thread_blocked, id=39516, stack(0x000000d2e6600000,0x000000d2e6700000) (1024K)]
  0x0000028de9254430 JavaThread "Monitor Deflation Thread"   daemon [_thread_blocked, id=30504, stack(0x000000d2e6700000,0x000000d2e6800000) (1024K)]
  0x0000028de9255960 JavaThread "C2 CompilerThread0"         daemon [_thread_in_native, id=1740, stack(0x000000d2e6800000,0x000000d2e6900000) (1024K)]
  0x0000028de9256cd0 JavaThread "C1 CompilerThread0"         daemon [_thread_blocked, id=39880, stack(0x000000d2e6900000,0x000000d2e6a00000) (1024K)]
  0x0000028de93b1240 JavaThread "Common-Cleaner"             daemon [_thread_blocked, id=11960, stack(0x000000d2e6a00000,0x000000d2e6b00000) (1024K)]
  0x0000028de9543f60 JavaThread "Notification Thread"        daemon [_thread_blocked, id=40860, stack(0x000000d2e6b00000,0x000000d2e6c00000) (1024K)]
  0x0000028dee62e5b0 JavaThread "Daemon health stats"               [_thread_blocked, id=26172, stack(0x000000d2e7200000,0x000000d2e7300000) (1024K)]
  0x0000028dee62df20 JavaThread "Incoming local TCP Connector on port 53034"        [_thread_in_native, id=29704, stack(0x000000d2e6c00000,0x000000d2e6d00000) (1024K)]
  0x0000028dee62d890 JavaThread "Daemon periodic checks"            [_thread_blocked, id=38084, stack(0x000000d2e7300000,0x000000d2e7400000) (1024K)]
  0x0000028dee62f2d0 JavaThread "Daemon"                            [_thread_blocked, id=7760, stack(0x000000d2e7400000,0x000000d2e7500000) (1024K)]
  0x0000028dee62c4e0 JavaThread "Handler for socket connection from /127.0.0.1:53034 to /127.0.0.1:53035"        [_thread_in_native, id=36168, stack(0x000000d2e7500000,0x000000d2e7600000) (1024K)]
  0x0000028dee62cb70 JavaThread "Cancel handler"                    [_thread_blocked, id=12240, stack(0x000000d2e7600000,0x000000d2e7700000) (1024K)]
  0x0000028def6494e0 JavaThread "Daemon worker"                     [_thread_in_vm, id=15736, stack(0x000000d2e7700000,0x000000d2e7800000) (1024K)]
  0x0000028def6487c0 JavaThread "Asynchronous log dispatcher for DefaultDaemonConnection: socket connection from /127.0.0.1:53034 to /127.0.0.1:53035"        [_thread_blocked, id=35368, stack(0x000000d2e7800000,0x000000d2e7900000) (1024K)]
  0x0000028def648e50 JavaThread "Stdin handler"                     [_thread_blocked, id=24504, stack(0x000000d2e7900000,0x000000d2e7a00000) (1024K)]
  0x0000028def646d80 JavaThread "Daemon client event forwarder"        [_thread_blocked, id=17456, stack(0x000000d2e7a00000,0x000000d2e7b00000) (1024K)]
  0x0000028def648130 JavaThread "Cache worker for journal cache (C:\Users\Acer\.gradle\caches\journal-1)"        [_thread_blocked, id=38996, stack(0x000000d2e8100000,0x000000d2e8200000) (1024K)]
  0x0000028def649b70 JavaThread "File lock request listener"        [_thread_in_native, id=40552, stack(0x000000d2e8200000,0x000000d2e8300000) (1024K)]
  0x0000028def6466f0 JavaThread "Cache worker for file hash cache (C:\Users\Acer\.gradle\caches\8.10.2\fileHashes)"        [_thread_blocked, id=26904, stack(0x000000d2e8300000,0x000000d2e8400000) (1024K)]
  0x0000028def64a890 JavaThread "Cache worker for file hash cache (C:\Users\Acer\AndroidStudioProjects\FinalsProject\.gradle\8.10.2\fileHashes)"        [_thread_blocked, id=29396, stack(0x000000d2e8500000,0x000000d2e8600000) (1024K)]
  0x0000028def647410 JavaThread "Cache worker for Build Output Cleanup Cache (C:\Users\Acer\AndroidStudioProjects\FinalsProject\.gradle\buildOutputCleanup)"        [_thread_blocked, id=16420, stack(0x000000d2e8600000,0x000000d2e8700000) (1024K)]
  0x0000028def64af20 JavaThread "File watcher server"        daemon [_thread_in_native, id=38508, stack(0x000000d2e8700000,0x000000d2e8800000) (1024K)]
  0x0000028def647aa0 JavaThread "File watcher consumer"      daemon [_thread_blocked, id=27980, stack(0x000000d2e8800000,0x000000d2e8900000) (1024K)]
  0x0000028def64bc40 JavaThread "Cache worker for checksums cache (C:\Users\Acer\AndroidStudioProjects\FinalsProject\.gradle\8.10.2\checksums)"        [_thread_blocked, id=38600, stack(0x000000d2e8900000,0x000000d2e8a00000) (1024K)]
  0x0000028def64b5b0 JavaThread "Cache worker for file content cache (C:\Users\Acer\.gradle\caches\8.10.2\fileContent)"        [_thread_blocked, id=37800, stack(0x000000d2e8a00000,0x000000d2e8b00000) (1024K)]
  0x0000028def64c2d0 JavaThread "Cache worker for cache directory md-rule (C:\Users\Acer\.gradle\caches\8.10.2\md-rule)"        [_thread_blocked, id=38080, stack(0x000000d2e8b00000,0x000000d2e8c00000) (1024K)]
  0x0000028def64c960 JavaThread "Cache worker for cache directory md-supplier (C:\Users\Acer\.gradle\caches\8.10.2\md-supplier)"        [_thread_blocked, id=31536, stack(0x000000d2e8c00000,0x000000d2e8d00000) (1024K)]
=>0x0000028df1a16ee0 JavaThread "C2 CompilerThread1"         daemon [_thread_in_native, id=22288, stack(0x000000d2e8400000,0x000000d2e8500000) (1024K)]
Total: 33

Other Threads:
  0x0000028de906d640 VMThread "VM Thread"                           [id=38440, stack(0x000000d2e6100000,0x000000d2e6200000) (1024K)]
  0x0000028de9014680 WatcherThread "VM Periodic Task Thread"        [id=14496, stack(0x000000d2e6000000,0x000000d2e6100000) (1024K)]
  0x0000028dcf5d2920 WorkerThread "GC Thread#0"                     [id=33224, stack(0x000000d2e5b00000,0x000000d2e5c00000) (1024K)]
  0x0000028de9903420 WorkerThread "GC Thread#1"                     [id=30512, stack(0x000000d2e6d00000,0x000000d2e6e00000) (1024K)]
  0x0000028de99ac1f0 WorkerThread "GC Thread#2"                     [id=30916, stack(0x000000d2e6e00000,0x000000d2e6f00000) (1024K)]
  0x0000028dee752010 WorkerThread "GC Thread#3"                     [id=40596, stack(0x000000d2e6f00000,0x000000d2e7000000) (1024K)]
  0x0000028dee7523b0 WorkerThread "GC Thread#4"                     [id=39632, stack(0x000000d2e7000000,0x000000d2e7100000) (1024K)]
  0x0000028def2ed550 WorkerThread "GC Thread#5"                     [id=34264, stack(0x000000d2e7100000,0x000000d2e7200000) (1024K)]
  0x0000028def728d40 WorkerThread "GC Thread#6"                     [id=35168, stack(0x000000d2e7b00000,0x000000d2e7c00000) (1024K)]
  0x0000028def7461e0 WorkerThread "GC Thread#7"                     [id=40040, stack(0x000000d2e7c00000,0x000000d2e7d00000) (1024K)]
  0x0000028def7465d0 WorkerThread "GC Thread#8"                     [id=27308, stack(0x000000d2e7d00000,0x000000d2e7e00000) (1024K)]
  0x0000028def746970 WorkerThread "GC Thread#9"                     [id=38380, stack(0x000000d2e7e00000,0x000000d2e7f00000) (1024K)]
  0x0000028dcf622010 ConcurrentGCThread "G1 Main Marker"            [id=32032, stack(0x000000d2e5c00000,0x000000d2e5d00000) (1024K)]
  0x0000028dcf622a20 WorkerThread "G1 Conc#0"                       [id=39116, stack(0x000000d2e5d00000,0x000000d2e5e00000) (1024K)]
  0x0000028def746d10 WorkerThread "G1 Conc#1"                       [id=40348, stack(0x000000d2e7f00000,0x000000d2e8000000) (1024K)]
  0x0000028def7470b0 WorkerThread "G1 Conc#2"                       [id=24844, stack(0x000000d2e8000000,0x000000d2e8100000) (1024K)]
  0x0000028de8ee7040 ConcurrentGCThread "G1 Refine#0"               [id=40672, stack(0x000000d2e5e00000,0x000000d2e5f00000) (1024K)]
  0x0000028de8ee7ac0 ConcurrentGCThread "G1 Service"                [id=39336, stack(0x000000d2e5f00000,0x000000d2e6000000) (1024K)]
Total: 18

Threads with active compile tasks:
C2 CompilerThread0    10492 5174   !   4       java.lang.ClassLoader::loadClass (121 bytes)
C2 CompilerThread1    10492 5173   !   4       java.net.URLClassLoader::findClass (47 bytes)
Total: 2

VM state: not at safepoint (normal execution)

VM Mutex/Monitor currently owned by a thread: None

Heap address: 0x0000000080000000, size: 2048 MB, Compressed Oops mode: 32-bit

CDS archive(s) not mapped
Compressed class space mapped at: 0x0000000100000000-0x0000000140000000, reserved size: 1073741824
Narrow klass base: 0x0000000000000000, Narrow klass shift: 3, Narrow klass range: 0x140000000

GC Precious Log:
 CardTable entry size: 512
 Card Set container configuration: InlinePtr #cards 5 size 8 Array Of Cards #cards 12 size 40 Howl #buckets 4 coarsen threshold 1843 Howl Bitmap #cards 512 size 80 coarsen threshold 460 Card regions per heap region 1 cards per card region 2048
 CPUs: 12 total, 12 available
 Memory: 7879M
 Large Page Support: Disabled
 NUMA Support: Disabled
 Compressed Oops: Enabled (32-bit)
 Heap Region Size: 1M
 Heap Min Capacity: 8M
 Heap Initial Capacity: 124M
 Heap Max Capacity: 2G
 Pre-touch: Disabled
 Parallel Workers: 10
 Concurrent Workers: 3
 Concurrent Refinement Workers: 10
 Periodic GC: Disabled

Heap:
 garbage-first heap   total 98304K, used 57832K [0x0000000080000000, 0x0000000100000000)
  region size 1024K, 24 young (24576K), 4 survivors (4096K)
 Metaspace       used 61722K, committed 63296K, reserved 1114112K
  class space    used 8433K, committed 9216K, reserved 1048576K

Heap Regions: E=young(eden), S=young(survivor), O=old, HS=humongous(starts), HC=humongous(continues), CS=collection set, F=free, TAMS=top-at-mark-start, PB=parsable bottom
|   0|0x0000000080000000, 0x0000000080100000, 0x0000000080100000|100%| O|  |TAMS 0x0000000080000000| PB 0x0000000080000000| Untracked 
|   1|0x0000000080100000, 0x0000000080200000, 0x0000000080200000|100%| O|Cm|TAMS 0x0000000080100000| PB 0x0000000080100000| Complete 
|   2|0x0000000080200000, 0x0000000080300000, 0x0000000080300000|100%| O|  |TAMS 0x0000000080200000| PB 0x0000000080200000| Untracked 
|   3|0x0000000080300000, 0x0000000080400000, 0x0000000080400000|100%|HS|  |TAMS 0x0000000080300000| PB 0x0000000080300000| Complete 
|   4|0x0000000080400000, 0x0000000080500000, 0x0000000080500000|100%|HC|  |TAMS 0x0000000080400000| PB 0x0000000080400000| Complete 
|   5|0x0000000080500000, 0x0000000080600000, 0x0000000080600000|100%|HC|  |TAMS 0x0000000080500000| PB 0x0000000080500000| Complete 
|   6|0x0000000080600000, 0x0000000080700000, 0x0000000080700000|100%|HC|  |TAMS 0x0000000080600000| PB 0x0000000080600000| Complete 
|   7|0x0000000080700000, 0x0000000080800000, 0x0000000080800000|100%|HS|  |TAMS 0x0000000080700000| PB 0x0000000080700000| Complete 
|   8|0x0000000080800000, 0x0000000080900000, 0x0000000080900000|100%| O|  |TAMS 0x0000000080800000| PB 0x0000000080800000| Untracked 
|   9|0x0000000080900000, 0x0000000080a00000, 0x0000000080a00000|100%| O|  |TAMS 0x0000000080900000| PB 0x0000000080900000| Untracked 
|  10|0x0000000080a00000, 0x0000000080b00000, 0x0000000080b00000|100%| O|  |TAMS 0x0000000080a00000| PB 0x0000000080a00000| Untracked 
|  11|0x0000000080b00000, 0x0000000080c00000, 0x0000000080c00000|100%| O|  |TAMS 0x0000000080b00000| PB 0x0000000080b00000| Untracked 
|  12|0x0000000080c00000, 0x0000000080d00000, 0x0000000080d00000|100%| O|  |TAMS 0x0000000080c00000| PB 0x0000000080c00000| Untracked 
|  13|0x0000000080d00000, 0x0000000080e00000, 0x0000000080e00000|100%| O|  |TAMS 0x0000000080d00000| PB 0x0000000080d00000| Untracked 
|  14|0x0000000080e00000, 0x0000000080f00000, 0x0000000080f00000|100%| O|  |TAMS 0x0000000080e00000| PB 0x0000000080e00000| Untracked 
|  15|0x0000000080f00000, 0x0000000081000000, 0x0000000081000000|100%| O|  |TAMS 0x0000000080f00000| PB 0x0000000080f00000| Untracked 
|  16|0x0000000081000000, 0x0000000081100000, 0x0000000081100000|100%| O|  |TAMS 0x0000000081000000| PB 0x0000000081000000| Untracked 
|  17|0x0000000081100000, 0x0000000081200000, 0x0000000081200000|100%| O|  |TAMS 0x0000000081100000| PB 0x0000000081100000| Untracked 
|  18|0x0000000081200000, 0x0000000081300000, 0x0000000081300000|100%| O|  |TAMS 0x0000000081200000| PB 0x0000000081200000| Untracked 
|  19|0x0000000081300000, 0x0000000081400000, 0x0000000081400000|100%| O|  |TAMS 0x0000000081300000| PB 0x0000000081300000| Untracked 
|  20|0x0000000081400000, 0x0000000081500000, 0x0000000081500000|100%| O|  |TAMS 0x0000000081400000| PB 0x0000000081400000| Untracked 
|  21|0x0000000081500000, 0x00000000815f6ed0, 0x0000000081600000| 96%| O|  |TAMS 0x0000000081500000| PB 0x0000000081500000| Untracked 
|  22|0x0000000081600000, 0x0000000081600000, 0x0000000081700000|  0%| F|  |TAMS 0x0000000081600000| PB 0x0000000081600000| Untracked 
|  23|0x0000000081700000, 0x0000000081700000, 0x0000000081800000|  0%| F|  |TAMS 0x0000000081700000| PB 0x0000000081700000| Untracked 
|  24|0x0000000081800000, 0x0000000081800000, 0x0000000081900000|  0%| F|  |TAMS 0x0000000081800000| PB 0x0000000081800000| Untracked 
|  25|0x0000000081900000, 0x0000000081900000, 0x0000000081a00000|  0%| F|  |TAMS 0x0000000081900000| PB 0x0000000081900000| Untracked 
|  26|0x0000000081a00000, 0x0000000081a00000, 0x0000000081b00000|  0%| F|  |TAMS 0x0000000081a00000| PB 0x0000000081a00000| Untracked 
|  27|0x0000000081b00000, 0x0000000081c00000, 0x0000000081c00000|100%| O|  |TAMS 0x0000000081b00000| PB 0x0000000081b00000| Untracked 
|  28|0x0000000081c00000, 0x0000000081d00000, 0x0000000081d00000|100%| O|  |TAMS 0x0000000081c00000| PB 0x0000000081c00000| Untracked 
|  29|0x0000000081d00000, 0x0000000081e00000, 0x0000000081e00000|100%| O|  |TAMS 0x0000000081d00000| PB 0x0000000081d00000| Untracked 
|  30|0x0000000081e00000, 0x0000000081f00000, 0x0000000081f00000|100%| O|  |TAMS 0x0000000081e00000| PB 0x0000000081e00000| Untracked 
|  31|0x0000000081f00000, 0x0000000082000000, 0x0000000082000000|100%| O|  |TAMS 0x0000000081f00000| PB 0x0000000081f00000| Untracked 
|  32|0x0000000082000000, 0x0000000082100000, 0x0000000082100000|100%| O|  |TAMS 0x0000000082000000| PB 0x0000000082000000| Untracked 
|  33|0x0000000082100000, 0x0000000082200000, 0x0000000082200000|100%| O|  |TAMS 0x0000000082100000| PB 0x0000000082100000| Untracked 
|  34|0x0000000082200000, 0x0000000082300000, 0x0000000082300000|100%| O|  |TAMS 0x0000000082200000| PB 0x0000000082200000| Untracked 
|  35|0x0000000082300000, 0x0000000082300000, 0x0000000082400000|  0%| F|  |TAMS 0x0000000082300000| PB 0x0000000082300000| Untracked 
|  36|0x0000000082400000, 0x0000000082400000, 0x0000000082500000|  0%| F|  |TAMS 0x0000000082400000| PB 0x0000000082400000| Untracked 
|  37|0x0000000082500000, 0x0000000082500000, 0x0000000082600000|  0%| F|  |TAMS 0x0000000082500000| PB 0x0000000082500000| Untracked 
|  38|0x0000000082600000, 0x0000000082600000, 0x0000000082700000|  0%| F|  |TAMS 0x0000000082600000| PB 0x0000000082600000| Untracked 
|  39|0x0000000082700000, 0x0000000082700000, 0x0000000082800000|  0%| F|  |TAMS 0x0000000082700000| PB 0x0000000082700000| Untracked 
|  40|0x0000000082800000, 0x0000000082800000, 0x0000000082900000|  0%| F|  |TAMS 0x0000000082800000| PB 0x0000000082800000| Untracked 
|  41|0x0000000082900000, 0x0000000082900000, 0x0000000082a00000|  0%| F|  |TAMS 0x0000000082900000| PB 0x0000000082900000| Untracked 
|  42|0x0000000082a00000, 0x0000000082a00000, 0x0000000082b00000|  0%| F|  |TAMS 0x0000000082a00000| PB 0x0000000082a00000| Untracked 
|  43|0x0000000082b00000, 0x0000000082b00000, 0x0000000082c00000|  0%| F|  |TAMS 0x0000000082b00000| PB 0x0000000082b00000| Untracked 
|  44|0x0000000082c00000, 0x0000000082c00000, 0x0000000082d00000|  0%| F|  |TAMS 0x0000000082c00000| PB 0x0000000082c00000| Untracked 
|  45|0x0000000082d00000, 0x0000000082d00000, 0x0000000082e00000|  0%| F|  |TAMS 0x0000000082d00000| PB 0x0000000082d00000| Untracked 
|  46|0x0000000082e00000, 0x0000000082e00000, 0x0000000082f00000|  0%| F|  |TAMS 0x0000000082e00000| PB 0x0000000082e00000| Untracked 
|  47|0x0000000082f00000, 0x0000000082f00000, 0x0000000083000000|  0%| F|  |TAMS 0x0000000082f00000| PB 0x0000000082f00000| Untracked 
|  48|0x0000000083000000, 0x0000000083000000, 0x0000000083100000|  0%| F|  |TAMS 0x0000000083000000| PB 0x0000000083000000| Untracked 
|  49|0x0000000083100000, 0x0000000083100000, 0x0000000083200000|  0%| F|  |TAMS 0x0000000083100000| PB 0x0000000083100000| Untracked 
|  50|0x0000000083200000, 0x0000000083200000, 0x0000000083300000|  0%| F|  |TAMS 0x0000000083200000| PB 0x0000000083200000| Untracked 
|  51|0x0000000083300000, 0x0000000083300000, 0x0000000083400000|  0%| F|  |TAMS 0x0000000083300000| PB 0x0000000083300000| Untracked 
|  52|0x0000000083400000, 0x0000000083400000, 0x0000000083500000|  0%| F|  |TAMS 0x0000000083400000| PB 0x0000000083400000| Untracked 
|  53|0x0000000083500000, 0x0000000083500000, 0x0000000083600000|  0%| F|  |TAMS 0x0000000083500000| PB 0x0000000083500000| Untracked 
|  54|0x0000000083600000, 0x0000000083600000, 0x0000000083700000|  0%| F|  |TAMS 0x0000000083600000| PB 0x0000000083600000| Untracked 
|  55|0x0000000083700000, 0x0000000083700000, 0x0000000083800000|  0%| F|  |TAMS 0x0000000083700000| PB 0x0000000083700000| Untracked 
|  56|0x0000000083800000, 0x0000000083800000, 0x0000000083900000|  0%| F|  |TAMS 0x0000000083800000| PB 0x0000000083800000| Untracked 
|  57|0x0000000083900000, 0x0000000083900000, 0x0000000083a00000|  0%| F|  |TAMS 0x0000000083900000| PB 0x0000000083900000| Untracked 
|  58|0x0000000083a00000, 0x0000000083a83220, 0x0000000083b00000| 51%| S|CS|TAMS 0x0000000083a00000| PB 0x0000000083a00000| Complete 
|  59|0x0000000083b00000, 0x0000000083c00000, 0x0000000083c00000|100%| S|CS|TAMS 0x0000000083b00000| PB 0x0000000083b00000| Complete 
|  60|0x0000000083c00000, 0x0000000083d00000, 0x0000000083d00000|100%| S|CS|TAMS 0x0000000083c00000| PB 0x0000000083c00000| Complete 
|  61|0x0000000083d00000, 0x0000000083e00000, 0x0000000083e00000|100%| S|CS|TAMS 0x0000000083d00000| PB 0x0000000083d00000| Complete 
|  62|0x0000000083e00000, 0x0000000083e00000, 0x0000000083f00000|  0%| F|  |TAMS 0x0000000083e00000| PB 0x0000000083e00000| Untracked 
|  63|0x0000000083f00000, 0x0000000083f00000, 0x0000000084000000|  0%| F|  |TAMS 0x0000000083f00000| PB 0x0000000083f00000| Untracked 
|  64|0x0000000084000000, 0x0000000084000000, 0x0000000084100000|  0%| F|  |TAMS 0x0000000084000000| PB 0x0000000084000000| Untracked 
|  65|0x0000000084100000, 0x0000000084100000, 0x0000000084200000|  0%| F|  |TAMS 0x0000000084100000| PB 0x0000000084100000| Untracked 
|  66|0x0000000084200000, 0x0000000084200000, 0x0000000084300000|  0%| F|  |TAMS 0x0000000084200000| PB 0x0000000084200000| Untracked 
|  67|0x0000000084300000, 0x0000000084300000, 0x0000000084400000|  0%| F|  |TAMS 0x0000000084300000| PB 0x0000000084300000| Untracked 
|  68|0x0000000084400000, 0x0000000084400000, 0x0000000084500000|  0%| F|  |TAMS 0x0000000084400000| PB 0x0000000084400000| Untracked 
|  69|0x0000000084500000, 0x0000000084500000, 0x0000000084600000|  0%| F|  |TAMS 0x0000000084500000| PB 0x0000000084500000| Untracked 
|  70|0x0000000084600000, 0x0000000084600000, 0x0000000084700000|  0%| F|  |TAMS 0x0000000084600000| PB 0x0000000084600000| Untracked 
|  71|0x0000000084700000, 0x0000000084700000, 0x0000000084800000|  0%| F|  |TAMS 0x0000000084700000| PB 0x0000000084700000| Untracked 
|  72|0x0000000084800000, 0x0000000084880800, 0x0000000084900000| 50%| E|  |TAMS 0x0000000084800000| PB 0x0000000084800000| Complete 
|  73|0x0000000084900000, 0x0000000084a00000, 0x0000000084a00000|100%| E|CS|TAMS 0x0000000084900000| PB 0x0000000084900000| Complete 
|  74|0x0000000084a00000, 0x0000000084b00000, 0x0000000084b00000|100%| E|CS|TAMS 0x0000000084a00000| PB 0x0000000084a00000| Complete 
|  75|0x0000000084b00000, 0x0000000084c00000, 0x0000000084c00000|100%| E|CS|TAMS 0x0000000084b00000| PB 0x0000000084b00000| Complete 
|  76|0x0000000084c00000, 0x0000000084d00000, 0x0000000084d00000|100%| E|CS|TAMS 0x0000000084c00000| PB 0x0000000084c00000| Complete 
|  77|0x0000000084d00000, 0x0000000084e00000, 0x0000000084e00000|100%| E|CS|TAMS 0x0000000084d00000| PB 0x0000000084d00000| Complete 
|  78|0x0000000084e00000, 0x0000000084f00000, 0x0000000084f00000|100%| E|CS|TAMS 0x0000000084e00000| PB 0x0000000084e00000| Complete 
|  79|0x0000000084f00000, 0x0000000085000000, 0x0000000085000000|100%| E|CS|TAMS 0x0000000084f00000| PB 0x0000000084f00000| Complete 
|  80|0x0000000085000000, 0x0000000085100000, 0x0000000085100000|100%| E|CS|TAMS 0x0000000085000000| PB 0x0000000085000000| Complete 
|  81|0x0000000085100000, 0x0000000085200000, 0x0000000085200000|100%| E|CS|TAMS 0x0000000085100000| PB 0x0000000085100000| Complete 
|  82|0x0000000085200000, 0x0000000085300000, 0x0000000085300000|100%| E|CS|TAMS 0x0000000085200000| PB 0x0000000085200000| Complete 
|  83|0x0000000085300000, 0x0000000085400000, 0x0000000085400000|100%| E|CS|TAMS 0x0000000085300000| PB 0x0000000085300000| Complete 
|  84|0x0000000085400000, 0x0000000085500000, 0x0000000085500000|100%| E|CS|TAMS 0x0000000085400000| PB 0x0000000085400000| Complete 
|  85|0x0000000085500000, 0x0000000085600000, 0x0000000085600000|100%| E|CS|TAMS 0x0000000085500000| PB 0x0000000085500000| Complete 
|  86|0x0000000085600000, 0x0000000085700000, 0x0000000085700000|100%| E|CS|TAMS 0x0000000085600000| PB 0x0000000085600000| Complete 
|  87|0x0000000085700000, 0x0000000085800000, 0x0000000085800000|100%| E|CS|TAMS 0x0000000085700000| PB 0x0000000085700000| Complete 
|  96|0x0000000086000000, 0x0000000086100000, 0x0000000086100000|100%| E|CS|TAMS 0x0000000086000000| PB 0x0000000086000000| Complete 
|  97|0x0000000086100000, 0x0000000086200000, 0x0000000086200000|100%| E|CS|TAMS 0x0000000086100000| PB 0x0000000086100000| Complete 
|  98|0x0000000086200000, 0x0000000086300000, 0x0000000086300000|100%| E|CS|TAMS 0x0000000086200000| PB 0x0000000086200000| Complete 
| 123|0x0000000087b00000, 0x0000000087c00000, 0x0000000087c00000|100%| E|CS|TAMS 0x0000000087b00000| PB 0x0000000087b00000| Complete 
|2044|0x00000000ffc00000, 0x00000000ffd00000, 0x00000000ffd00000|100%| O|  |TAMS 0x00000000ffc00000| PB 0x00000000ffc00000| Untracked 
|2045|0x00000000ffd00000, 0x00000000ffe00000, 0x00000000ffe00000|100%| O|  |TAMS 0x00000000ffd00000| PB 0x00000000ffd00000| Untracked 
|2046|0x00000000ffe00000, 0x00000000fff00000, 0x00000000fff00000|100%| O|  |TAMS 0x00000000ffe00000| PB 0x00000000ffe00000| Untracked 
|2047|0x00000000fff00000, 0x0000000100000000, 0x0000000100000000|100%| O|  |TAMS 0x00000000fff00000| PB 0x00000000fff00000| Untracked 

Card table byte_map: [0x0000028de3f50000,0x0000028de4350000] _byte_map_base: 0x0000028de3b50000

Marking Bits: (CMBitMap*) 0x0000028dcf5d2f30
 Bits: [0x0000028de4350000, 0x0000028de6350000)

Polling page: 0x0000028dcf2d0000

Metaspace:

Usage:
  Non-class:     52.05 MB used.
      Class:      8.24 MB used.
       Both:     60.28 MB used.

Virtual space:
  Non-class space:       64.00 MB reserved,      52.81 MB ( 83%) committed,  1 nodes.
      Class space:        1.00 GB reserved,       9.00 MB ( <1%) committed,  1 nodes.
             Both:        1.06 GB reserved,      61.81 MB (  6%) committed. 

Chunk freelists:
   Non-Class:  11.00 MB
       Class:  6.94 MB
        Both:  17.94 MB

MaxMetaspaceSize: unlimited
CompressedClassSpaceSize: 1.00 GB
Initial GC threshold: 21.00 MB
Current GC threshold: 99.00 MB
CDS: off
 - commit_granule_bytes: 65536.
 - commit_granule_words: 8192.
 - virtual_space_node_default_size: 8388608.
 - enlarge_chunks_in_place: 1.
 - use_allocation_guard: 0.


Internal statistics:

num_allocs_failed_limit: 12.
num_arena_births: 2896.
num_arena_deaths: 0.
num_vsnodes_births: 2.
num_vsnodes_deaths: 0.
num_space_committed: 989.
num_space_uncommitted: 0.
num_chunks_returned_to_freelist: 12.
num_chunks_taken_from_freelist: 5323.
num_chunk_merges: 9.
num_chunk_splits: 3483.
num_chunks_enlarged: 2189.
num_inconsistent_stats: 0.

CodeHeap 'non-profiled nmethods': size=120000Kb used=2894Kb max_used=2894Kb free=117105Kb
 bounds [0x0000028ddbb80000, 0x0000028ddbe60000, 0x0000028de30b0000]
CodeHeap 'profiled nmethods': size=120000Kb used=8670Kb max_used=8670Kb free=111329Kb
 bounds [0x0000028dd40b0000, 0x0000028dd4930000, 0x0000028ddb5e0000]
CodeHeap 'non-nmethods': size=5760Kb used=1958Kb max_used=2001Kb free=3801Kb
 bounds [0x0000028ddb5e0000, 0x0000028ddb850000, 0x0000028ddbb80000]
 total_blobs=5352 nmethods=4614 adapters=641
 compilation: enabled
              stopped_count=0, restarted_count=0
 full_count=0

Compilation events (20 events):
Event: 9.335 Thread 0x0000028df1a16ee0 5173   !   4       java.net.URLClassLoader::findClass (47 bytes)
Event: 9.339 Thread 0x0000028de9256cd0 5176   !   2       java.net.URLClassLoader$1::run (81 bytes)
Event: 9.341 Thread 0x0000028de9256cd0 nmethod 5176 0x0000028dd4478a10 code [0x0000028dd4478cc0, 0x0000028dd4479518]
Event: 9.342 Thread 0x0000028de9255960 nmethod 5167 0x0000028ddbe50490 code [0x0000028ddbe507a0, 0x0000028ddbe525c0]
Event: 9.342 Thread 0x0000028de9255960 5174   !   4       java.lang.ClassLoader::loadClass (121 bytes)
Event: 9.354 Thread 0x0000028de9256cd0 5177       3       java.util.BitSet::wordIndex (5 bytes)
Event: 9.355 Thread 0x0000028de9256cd0 nmethod 5177 0x0000028dd4478710 code [0x0000028dd44788a0, 0x0000028dd4478990]
Event: 9.355 Thread 0x0000028de9256cd0 5178       3       java.lang.Long::bitCount (61 bytes)
Event: 9.355 Thread 0x0000028de9256cd0 nmethod 5178 0x0000028dd4478390 code [0x0000028dd4478520, 0x0000028dd4478690]
Event: 9.355 Thread 0x0000028de9256cd0 5180       3       java.util.BitSet::recalculateWordsInUse (39 bytes)
Event: 9.356 Thread 0x0000028de9256cd0 nmethod 5180 0x0000028dd4477e90 code [0x0000028dd4478040, 0x0000028dd4478270]
Event: 9.403 Thread 0x0000028de9256cd0 5181       3       com.google.common.reflect.TypeResolver$TypeTable::<init> (12 bytes)
Event: 9.403 Thread 0x0000028de9256cd0 nmethod 5181 0x0000028dd4477990 code [0x0000028dd4477b40, 0x0000028dd4477d70]
Event: 9.410 Thread 0x0000028de9256cd0 5182       3       com.google.common.cache.LocalCache::usesWriteQueue (5 bytes)
Event: 9.410 Thread 0x0000028de9256cd0 nmethod 5182 0x0000028dd4477510 code [0x0000028dd44776c0, 0x0000028dd44778a8]
Event: 9.423 Thread 0x0000028de9256cd0 5184       1       javax.management.ObjectName$Property::setKeyIndex (6 bytes)
Event: 9.424 Thread 0x0000028de9256cd0 nmethod 5184 0x0000028ddbe53390 code [0x0000028ddbe53520, 0x0000028ddbe535e8]
Event: 9.424 Thread 0x0000028de9256cd0 5185       1       sun.management.MemoryPoolImpl::getName (5 bytes)
Event: 9.424 Thread 0x0000028de9256cd0 nmethod 5185 0x0000028ddbe53690 code [0x0000028ddbe53820, 0x0000028ddbe538e8]
Event: 10.426 Thread 0x0000028de9256cd0 5186       3       java.util.ComparableTimSort::binarySort (223 bytes)

GC Heap History (20 events):
Event: 1.507 GC heap before
{Heap before GC invocations=1 (full 0):
 garbage-first heap   total 126976K, used 42064K [0x0000000080000000, 0x0000000100000000)
  region size 1024K, 35 young (35840K), 3 survivors (3072K)
 Metaspace       used 12099K, committed 12288K, reserved 1114112K
  class space    used 1278K, committed 1408K, reserved 1048576K
}
Event: 1.516 GC heap after
{Heap after GC invocations=2 (full 0):
 garbage-first heap   total 126976K, used 11863K [0x0000000080000000, 0x0000000100000000)
  region size 1024K, 5 young (5120K), 5 survivors (5120K)
 Metaspace       used 12099K, committed 12288K, reserved 1114112K
  class space    used 1278K, committed 1408K, reserved 1048576K
}
Event: 2.205 GC heap before
{Heap before GC invocations=2 (full 0):
 garbage-first heap   total 126976K, used 57943K [0x0000000080000000, 0x0000000100000000)
  region size 1024K, 48 young (49152K), 5 survivors (5120K)
 Metaspace       used 13468K, committed 13696K, reserved 1114112K
  class space    used 1488K, committed 1600K, reserved 1048576K
}
Event: 2.219 GC heap after
{Heap after GC invocations=3 (full 0):
 garbage-first heap   total 126976K, used 18153K [0x0000000080000000, 0x0000000100000000)
  region size 1024K, 6 young (6144K), 6 survivors (6144K)
 Metaspace       used 13468K, committed 13696K, reserved 1114112K
  class space    used 1488K, committed 1600K, reserved 1048576K
}
Event: 2.969 GC heap before
{Heap before GC invocations=3 (full 0):
 garbage-first heap   total 126976K, used 40681K [0x0000000080000000, 0x0000000100000000)
  region size 1024K, 29 young (29696K), 6 survivors (6144K)
 Metaspace       used 21156K, committed 21504K, reserved 1114112K
  class space    used 2441K, committed 2624K, reserved 1048576K
}
Event: 2.976 GC heap after
{Heap after GC invocations=4 (full 0):
 garbage-first heap   total 126976K, used 21772K [0x0000000080000000, 0x0000000100000000)
  region size 1024K, 8 young (8192K), 8 survivors (8192K)
 Metaspace       used 21156K, committed 21504K, reserved 1114112K
  class space    used 2441K, committed 2624K, reserved 1048576K
}
Event: 4.271 GC heap before
{Heap before GC invocations=5 (full 0):
 garbage-first heap   total 78848K, used 76044K [0x0000000080000000, 0x0000000100000000)
  region size 1024K, 62 young (63488K), 8 survivors (8192K)
 Metaspace       used 30078K, committed 30720K, reserved 1114112K
  class space    used 3860K, committed 4160K, reserved 1048576K
}
Event: 4.279 GC heap after
{Heap after GC invocations=6 (full 0):
 garbage-first heap   total 90112K, used 25188K [0x0000000080000000, 0x0000000100000000)
  region size 1024K, 7 young (7168K), 7 survivors (7168K)
 Metaspace       used 30078K, committed 30720K, reserved 1114112K
  class space    used 3860K, committed 4160K, reserved 1048576K
}
Event: 5.029 GC heap before
{Heap before GC invocations=6 (full 0):
 garbage-first heap   total 90112K, used 61028K [0x0000000080000000, 0x0000000100000000)
  region size 1024K, 43 young (44032K), 7 survivors (7168K)
 Metaspace       used 35160K, committed 35968K, reserved 1114112K
  class space    used 4708K, committed 5120K, reserved 1048576K
}
Event: 5.041 GC heap after
{Heap after GC invocations=7 (full 0):
 garbage-first heap   total 90112K, used 27490K [0x0000000080000000, 0x0000000100000000)
  region size 1024K, 6 young (6144K), 6 survivors (6144K)
 Metaspace       used 35160K, committed 35968K, reserved 1114112K
  class space    used 4708K, committed 5120K, reserved 1048576K
}
Event: 5.078 GC heap before
{Heap before GC invocations=7 (full 0):
 garbage-first heap   total 90112K, used 29538K [0x0000000080000000, 0x0000000100000000)
  region size 1024K, 9 young (9216K), 6 survivors (6144K)
 Metaspace       used 35428K, committed 36288K, reserved 1114112K
  class space    used 4754K, committed 5184K, reserved 1048576K
}
Event: 5.086 GC heap after
{Heap after GC invocations=8 (full 0):
 garbage-first heap   total 108544K, used 27790K [0x0000000080000000, 0x0000000100000000)
  region size 1024K, 3 young (3072K), 3 survivors (3072K)
 Metaspace       used 35428K, committed 36288K, reserved 1114112K
  class space    used 4754K, committed 5184K, reserved 1048576K
}
Event: 6.317 GC heap before
{Heap before GC invocations=9 (full 0):
 garbage-first heap   total 96256K, used 88206K [0x0000000080000000, 0x0000000100000000)
  region size 1024K, 63 young (64512K), 3 survivors (3072K)
 Metaspace       used 45428K, committed 46656K, reserved 1114112K
  class space    used 6048K, committed 6656K, reserved 1048576K
}
Event: 6.324 GC heap after
{Heap after GC invocations=10 (full 0):
 garbage-first heap   total 98304K, used 33173K [0x0000000080000000, 0x0000000100000000)
  region size 1024K, 8 young (8192K), 8 survivors (8192K)
 Metaspace       used 45428K, committed 46656K, reserved 1114112K
  class space    used 6048K, committed 6656K, reserved 1048576K
}
Event: 6.818 GC heap before
{Heap before GC invocations=10 (full 0):
 garbage-first heap   total 98304K, used 83349K [0x0000000080000000, 0x0000000100000000)
  region size 1024K, 57 young (58368K), 8 survivors (8192K)
 Metaspace       used 47766K, committed 49088K, reserved 1114112K
  class space    used 6420K, committed 7104K, reserved 1048576K
}
Event: 6.828 GC heap after
{Heap after GC invocations=11 (full 0):
 garbage-first heap   total 98304K, used 35324K [0x0000000080000000, 0x0000000100000000)
  region size 1024K, 4 young (4096K), 4 survivors (4096K)
 Metaspace       used 47766K, committed 49088K, reserved 1114112K
  class space    used 6420K, committed 7104K, reserved 1048576K
}
Event: 8.193 GC heap before
{Heap before GC invocations=11 (full 0):
 garbage-first heap   total 98304K, used 84476K [0x0000000080000000, 0x0000000100000000)
  region size 1024K, 51 young (52224K), 4 survivors (4096K)
 Metaspace       used 54672K, committed 56192K, reserved 1114112K
  class space    used 7363K, committed 8128K, reserved 1048576K
}
Event: 8.199 GC heap after
{Heap after GC invocations=12 (full 0):
 garbage-first heap   total 98304K, used 36964K [0x0000000080000000, 0x0000000100000000)
  region size 1024K, 6 young (6144K), 6 survivors (6144K)
 Metaspace       used 54672K, committed 56192K, reserved 1114112K
  class space    used 7363K, committed 8128K, reserved 1048576K
}
Event: 8.848 GC heap before
{Heap before GC invocations=12 (full 0):
 garbage-first heap   total 98304K, used 66660K [0x0000000080000000, 0x0000000100000000)
  region size 1024K, 36 young (36864K), 6 survivors (6144K)
 Metaspace       used 59118K, committed 60608K, reserved 1114112K
  class space    used 8010K, committed 8768K, reserved 1048576K
}
Event: 8.856 GC heap after
{Heap after GC invocations=13 (full 0):
 garbage-first heap   total 98304K, used 38376K [0x0000000080000000, 0x0000000100000000)
  region size 1024K, 4 young (4096K), 4 survivors (4096K)
 Metaspace       used 59118K, committed 60608K, reserved 1114112K
  class space    used 8010K, committed 8768K, reserved 1048576K
}

Dll operation events (3 events):
Event: 0.019 Loaded shared library C:\Program Files\Android\Android Studio\jbr\bin\java.dll
Event: 0.024 Loaded shared library C:\Program Files\Android\Android Studio\jbr\bin\zip.dll
Event: 0.814 Loaded shared library C:\Program Files\Android\Android Studio\jbr\bin\verify.dll

Deoptimization events (20 events):
Event: 9.266 Thread 0x0000028def6494e0 DEOPT PACKING pc=0x0000028ddbe01740 sp=0x000000d2e77f8590
Event: 9.266 Thread 0x0000028def6494e0 DEOPT UNPACKING pc=0x0000028ddb6346a2 sp=0x000000d2e77f8388 mode 2
Event: 9.270 Thread 0x0000028def6494e0 Uncommon trap: trap_request=0xffffffde fr.pc=0x0000028ddbe01740 relative=0x00000000000059a0
Event: 9.270 Thread 0x0000028def6494e0 Uncommon trap: reason=class_check action=maybe_recompile pc=0x0000028ddbe01740 method=java.net.URLClassLoader.defineClass(Ljava/lang/String;Ljdk/internal/loader/Resource;)Ljava/lang/Class; @ 34 c2
Event: 9.270 Thread 0x0000028def6494e0 DEOPT PACKING pc=0x0000028ddbe01740 sp=0x000000d2e77f8590
Event: 9.270 Thread 0x0000028def6494e0 DEOPT UNPACKING pc=0x0000028ddb6346a2 sp=0x000000d2e77f8388 mode 2
Event: 9.274 Thread 0x0000028def6494e0 Uncommon trap: trap_request=0xffffffde fr.pc=0x0000028ddbe01740 relative=0x00000000000059a0
Event: 9.274 Thread 0x0000028def6494e0 Uncommon trap: reason=class_check action=maybe_recompile pc=0x0000028ddbe01740 method=java.net.URLClassLoader.defineClass(Ljava/lang/String;Ljdk/internal/loader/Resource;)Ljava/lang/Class; @ 34 c2
Event: 9.274 Thread 0x0000028def6494e0 DEOPT PACKING pc=0x0000028ddbe01740 sp=0x000000d2e77f8590
Event: 9.274 Thread 0x0000028def6494e0 DEOPT UNPACKING pc=0x0000028ddb6346a2 sp=0x000000d2e77f8388 mode 2
Event: 9.277 Thread 0x0000028def6494e0 Uncommon trap: trap_request=0xffffffde fr.pc=0x0000028ddbdf3058 relative=0x00000000000057d8
Event: 9.277 Thread 0x0000028def6494e0 Uncommon trap: reason=class_check action=maybe_recompile pc=0x0000028ddbdf3058 method=java.net.URLClassLoader.defineClass(Ljava/lang/String;Ljdk/internal/loader/Resource;)Ljava/lang/Class; @ 34 c2
Event: 9.277 Thread 0x0000028def6494e0 DEOPT PACKING pc=0x0000028ddbdf3058 sp=0x000000d2e77f84f0
Event: 9.277 Thread 0x0000028def6494e0 DEOPT UNPACKING pc=0x0000028ddb6346a2 sp=0x000000d2e77f8430 mode 2
Event: 9.292 Thread 0x0000028def6494e0 Uncommon trap: trap_request=0xffffffde fr.pc=0x0000028ddbe1854c relative=0x00000000000052ac
Event: 9.292 Thread 0x0000028def6494e0 Uncommon trap: reason=class_check action=maybe_recompile pc=0x0000028ddbe1854c method=java.net.URLClassLoader.defineClass(Ljava/lang/String;Ljdk/internal/loader/Resource;)Ljava/lang/Class; @ 34 c2
Event: 9.292 Thread 0x0000028def6494e0 DEOPT PACKING pc=0x0000028ddbe1854c sp=0x000000d2e77f86f0
Event: 9.292 Thread 0x0000028def6494e0 DEOPT UNPACKING pc=0x0000028ddb6346a2 sp=0x000000d2e77f86a8 mode 2
Event: 9.365 Thread 0x0000028def6494e0 DEOPT PACKING pc=0x0000028dd45b9036 sp=0x000000d2e77f5cf0
Event: 9.365 Thread 0x0000028def6494e0 DEOPT UNPACKING pc=0x0000028ddb634e42 sp=0x000000d2e77f5238 mode 0

Classes loaded (20 events):
Event: 9.259 Loading class java/io/ObjectStreamClass$FieldReflector
Event: 9.259 Loading class java/io/ObjectStreamClass$FieldReflector done
Event: 9.260 Loading class java/io/ObjectStreamClass$1
Event: 9.260 Loading class java/io/ObjectStreamClass$1 done
Event: 9.260 Loading class java/io/ObjectStreamClass$MemberSignature
Event: 9.260 Loading class java/io/ObjectStreamClass$MemberSignature done
Event: 9.260 Loading class java/io/ObjectStreamClass$3
Event: 9.260 Loading class java/io/ObjectStreamClass$3 done
Event: 9.260 Loading class java/io/ObjectStreamClass$4
Event: 9.260 Loading class java/io/ObjectStreamClass$4 done
Event: 9.260 Loading class java/io/ObjectStreamClass$5
Event: 9.260 Loading class java/io/ObjectStreamClass$5 done
Event: 9.261 Loading class java/io/ObjectStreamClass$ClassDataSlot
Event: 9.261 Loading class java/io/ObjectStreamClass$ClassDataSlot done
Event: 9.264 Loading class jdk/internal/reflect/MethodHandleLongFieldAccessorImpl
Event: 9.264 Loading class jdk/internal/reflect/MethodHandleLongFieldAccessorImpl done
Event: 9.269 Loading class java/io/SerialCallbackContext
Event: 9.269 Loading class java/io/SerialCallbackContext done
Event: 9.421 Loading class java/util/DualPivotQuicksort
Event: 9.422 Loading class java/util/DualPivotQuicksort done

Classes unloaded (0 events):
No events

Classes redefined (0 events):
No events

Internal exceptions (20 events):
Event: 7.335 Thread 0x0000028def6494e0 Exception <a 'java/lang/NoSuchMethodError'{0x00000000845f17e8}: 'java.lang.Object java.lang.invoke.DirectMethodHandle$Holder.invokeVirtual(java.lang.Object, java.lang.Object, java.lang.Object, java.lang.Object, java.lang.Object, java.lang.Object, java.lang.Object, java.lang.Object, java.lang.Object, java.lang.Object, java.lang.Object, java.lang.Object, java.lang.Object)'> (0x00000000845f17e8) 
thrown [s\src\hotspot\share\interpreter\linkResolver.cpp, line 784]
Event: 7.394 Thread 0x0000028def6494e0 Exception <a 'java/lang/NoSuchMethodError'{0x00000000841279b0}: 'java.lang.Object java.lang.invoke.DirectMethodHandle$Holder.newInvokeSpecial(java.lang.Object, int, java.lang.Object)'> (0x00000000841279b0) 
thrown [s\src\hotspot\share\interpreter\linkResolver.cpp, line 784]
Event: 7.461 Thread 0x0000028def6494e0 Exception <a 'java/lang/NoSuchMethodError'{0x0000000083f48c60}: 'java.lang.Object java.lang.invoke.DirectMethodHandle$Holder.invokeSpecial(java.lang.Object, java.lang.Object, long, java.lang.Object, java.lang.Object)'> (0x0000000083f48c60) 
thrown [s\src\hotspot\share\interpreter\linkResolver.cpp, line 784]
Event: 7.484 Thread 0x0000028def6494e0 Exception <a 'java/lang/NoSuchMethodError'{0x0000000083e18a80}: 'java.lang.Object java.lang.invoke.DirectMethodHandle$Holder.newInvokeSpecial(java.lang.Object, java.lang.Object, int, java.lang.Object)'> (0x0000000083e18a80) 
thrown [s\src\hotspot\share\interpreter\linkResolver.cpp, line 784]
Event: 7.484 Thread 0x0000028def6494e0 Exception <a 'java/lang/NoSuchMethodError'{0x0000000083e1d2c0}: 'java.lang.Object java.lang.invoke.DirectMethodHandle$Holder.invokeSpecial(java.lang.Object, java.lang.Object, java.lang.Object, int, java.lang.Object)'> (0x0000000083e1d2c0) 
thrown [s\src\hotspot\share\interpreter\linkResolver.cpp, line 784]
Event: 8.668 Thread 0x0000028def6494e0 Exception <a 'sun/nio/fs/WindowsException'{0x00000000848f5bb8}> (0x00000000848f5bb8) 
thrown [s\src\hotspot\share\prims\jni.cpp, line 535]
Event: 8.668 Thread 0x0000028def6494e0 Exception <a 'sun/nio/fs/WindowsException'{0x00000000848f72b0}> (0x00000000848f72b0) 
thrown [s\src\hotspot\share\prims\jni.cpp, line 535]
Event: 8.708 Thread 0x0000028def6494e0 Exception <a 'java/lang/NoSuchMethodError'{0x0000000084512bb8}: 'java.lang.Object java.lang.invoke.DirectMethodHandle$Holder.newInvokeSpecial(java.lang.Object, java.lang.Object, java.lang.Object, int)'> (0x0000000084512bb8) 
thrown [s\src\hotspot\share\interpreter\linkResolver.cpp, line 784]
Event: 8.708 Thread 0x0000028def6494e0 Exception <a 'java/lang/NoSuchMethodError'{0x00000000845173f0}: 'java.lang.Object java.lang.invoke.DirectMethodHandle$Holder.invokeSpecial(java.lang.Object, java.lang.Object, java.lang.Object, java.lang.Object, int)'> (0x00000000845173f0) 
thrown [s\src\hotspot\share\interpreter\linkResolver.cpp, line 784]
Event: 8.708 Thread 0x0000028def6494e0 Exception <a 'java/lang/NoSuchMethodError'{0x000000008451b570}: 'java.lang.Object java.lang.invoke.Invokers$Holder.linkToTargetMethod(java.lang.Object, java.lang.Object, int, java.lang.Object)'> (0x000000008451b570) 
thrown [s\src\hotspot\share\interpreter\linkResolver.cpp, line 784]
Event: 8.723 Thread 0x0000028def6494e0 Exception <a 'sun/nio/fs/WindowsException'{0x00000000845c9c08}> (0x00000000845c9c08) 
thrown [s\src\hotspot\share\prims\jni.cpp, line 535]
Event: 8.760 Thread 0x0000028def6494e0 Exception <a 'java/lang/NoSuchMethodError'{0x00000000843ab3a0}: 'int java.lang.invoke.DirectMethodHandle$Holder.invokeInterface(java.lang.Object, java.lang.Object, java.lang.Object, java.lang.Object, java.lang.Object)'> (0x00000000843ab3a0) 
thrown [s\src\hotspot\share\interpreter\linkResolver.cpp, line 784]
Event: 8.761 Thread 0x0000028def6494e0 Exception <a 'java/lang/IncompatibleClassChangeError'{0x00000000843b4580}: Found class java.lang.Object, but interface was expected> (0x00000000843b4580) 
thrown [s\src\hotspot\share\interpreter\linkResolver.cpp, line 851]
Event: 9.260 Thread 0x0000028def646d80 Exception <a 'java/lang/NoSuchMethodError'{0x0000000084e0e938}: static Lorg/gradle/internal/build/event/types/DefaultOperationStartedProgressEvent;.<clinit>()V> (0x0000000084e0e938) 
thrown [s\src\hotspot\share\prims\jni.cpp, line 1135]
Event: 9.261 Thread 0x0000028def646d80 Exception <a 'java/lang/NoSuchMethodError'{0x0000000084e10bd8}: static Lorg/gradle/internal/build/event/types/AbstractProgressEvent;.<clinit>()V> (0x0000000084e10bd8) 
thrown [s\src\hotspot\share\prims\jni.cpp, line 1135]
Event: 9.262 Thread 0x0000028def646d80 Exception <a 'java/lang/NoSuchMethodError'{0x0000000084e225e8}: static Lorg/gradle/internal/build/event/types/DefaultProjectConfigurationDescriptor;.<clinit>()V> (0x0000000084e225e8) 
thrown [s\src\hotspot\share\prims\jni.cpp, line 1135]
Event: 9.263 Thread 0x0000028def646d80 Exception <a 'java/lang/NoSuchMethodError'{0x0000000084e24ed0}: static Lorg/gradle/internal/build/event/types/DefaultOperationDescriptor;.<clinit>()V> (0x0000000084e24ed0) 
thrown [s\src\hotspot\share\prims\jni.cpp, line 1135]
Event: 9.265 Thread 0x0000028def646d80 Exception <a 'java/lang/NoSuchMethodError'{0x0000000084e29d50}: 'long java.lang.invoke.DirectMethodHandle$Holder.invokeSpecial(java.lang.Object, java.lang.Object)'> (0x0000000084e29d50) 
thrown [s\src\hotspot\share\interpreter\linkResolver.cpp, line 784]
Event: 9.265 Thread 0x0000028def646d80 Exception <a 'java/lang/NoSuchMethodError'{0x0000000084e2ced0}: 'long java.lang.invoke.Invokers$Holder.invokeExact_MT(java.lang.Object, java.lang.Object)'> (0x0000000084e2ced0) 
thrown [s\src\hotspot\share\interpreter\linkResolver.cpp, line 784]
Event: 9.268 Thread 0x0000028def646d80 Exception <a 'java/lang/NoSuchMethodError'{0x0000000084e43ed8}: static Lorg/gradle/internal/operations/OperationIdentifier;.<clinit>()V> (0x0000000084e43ed8) 
thrown [s\src\hotspot\share\prims\jni.cpp, line 1135]

ZGC Phase Switch (0 events):
No events

VM Operations (20 events):
Event: 6.817 Executing VM operation: G1CollectForAllocation (G1 Evacuation Pause)
Event: 6.828 Executing VM operation: G1CollectForAllocation (G1 Evacuation Pause) done
Event: 6.906 Executing VM operation: HandshakeAllThreads (Deoptimize)
Event: 6.906 Executing VM operation: HandshakeAllThreads (Deoptimize) done
Event: 6.974 Executing VM operation: HandshakeAllThreads (Deoptimize)
Event: 6.974 Executing VM operation: HandshakeAllThreads (Deoptimize) done
Event: 7.512 Executing VM operation: HandshakeAllThreads (Deoptimize)
Event: 7.512 Executing VM operation: HandshakeAllThreads (Deoptimize) done
Event: 8.193 Executing VM operation: G1CollectForAllocation (G1 Evacuation Pause)
Event: 8.199 Executing VM operation: G1CollectForAllocation (G1 Evacuation Pause) done
Event: 8.848 Executing VM operation: CollectForMetadataAllocation (Metadata GC Threshold)
Event: 8.856 Executing VM operation: CollectForMetadataAllocation (Metadata GC Threshold) done
Event: 8.896 Executing VM operation: G1PauseRemark
Event: 8.903 Executing VM operation: G1PauseRemark done
Event: 8.934 Executing VM operation: G1PauseCleanup
Event: 8.934 Executing VM operation: G1PauseCleanup done
Event: 9.167 Executing VM operation: HandshakeAllThreads (Deoptimize)
Event: 9.167 Executing VM operation: HandshakeAllThreads (Deoptimize) done
Event: 10.178 Executing VM operation: Cleanup
Event: 10.179 Executing VM operation: Cleanup done

Memory protections (0 events):
No events

Nmethod flushes (20 events):
Event: 8.900 Thread 0x0000028de906d640 flushing  nmethod 0x0000028dd40cb710
Event: 8.900 Thread 0x0000028de906d640 flushing  nmethod 0x0000028dd40cf890
Event: 8.900 Thread 0x0000028de906d640 flushing  nmethod 0x0000028dd4128e10
Event: 8.900 Thread 0x0000028de906d640 flushing  nmethod 0x0000028dd4235c90
Event: 8.900 Thread 0x0000028de906d640 flushing  nmethod 0x0000028dd4236390
Event: 8.900 Thread 0x0000028de906d640 flushing  nmethod 0x0000028dd4236790
Event: 8.900 Thread 0x0000028de906d640 flushing  nmethod 0x0000028dd4238910
Event: 8.900 Thread 0x0000028de906d640 flushing  nmethod 0x0000028dd423b110
Event: 8.900 Thread 0x0000028de906d640 flushing  nmethod 0x0000028dd423b890
Event: 8.900 Thread 0x0000028de906d640 flushing  nmethod 0x0000028dd423d310
Event: 8.900 Thread 0x0000028de906d640 flushing  nmethod 0x0000028dd4291e90
Event: 8.900 Thread 0x0000028de906d640 flushing  nmethod 0x0000028dd439f710
Event: 8.900 Thread 0x0000028de906d640 flushing  nmethod 0x0000028dd4476b10
Event: 8.900 Thread 0x0000028de906d640 flushing  nmethod 0x0000028dd44ddd90
Event: 8.900 Thread 0x0000028de906d640 flushing  nmethod 0x0000028dd4564f10
Event: 8.900 Thread 0x0000028de906d640 flushing  nmethod 0x0000028dd456e290
Event: 8.900 Thread 0x0000028de906d640 flushing  nmethod 0x0000028dd4570890
Event: 8.900 Thread 0x0000028de906d640 flushing  nmethod 0x0000028dd4695e10
Event: 8.900 Thread 0x0000028de906d640 flushing  nmethod 0x0000028dd469a510
Event: 8.900 Thread 0x0000028de906d640 flushing  nmethod 0x0000028dd469b710

Events (20 events):
Event: 2.912 Thread 0x0000028def6494e0 Thread added: 0x0000028def648e50
Event: 2.914 Thread 0x0000028def6494e0 Thread added: 0x0000028def646d80
Event: 3.399 Thread 0x0000028def6494e0 Thread added: 0x0000028def648130
Event: 3.408 Thread 0x0000028def6494e0 Thread added: 0x0000028def649b70
Event: 3.439 Thread 0x0000028def6494e0 Thread added: 0x0000028def6466f0
Event: 3.588 Thread 0x0000028de9256cd0 Thread added: 0x0000028df09e48b0
Event: 4.544 Thread 0x0000028def6494e0 Thread added: 0x0000028def64a890
Event: 4.565 Thread 0x0000028def6494e0 Thread added: 0x0000028def647410
Event: 4.768 Thread 0x0000028def6494e0 Thread added: 0x0000028def64af20
Event: 4.775 Thread 0x0000028def6494e0 Thread added: 0x0000028def647aa0
Event: 4.833 Thread 0x0000028df09e48b0 Thread exited: 0x0000028df09e48b0
Event: 5.173 Thread 0x0000028de9256cd0 Thread added: 0x0000028defd301a0
Event: 5.200 Thread 0x0000028def6494e0 Thread added: 0x0000028def64bc40
Event: 5.236 Thread 0x0000028def6494e0 Thread added: 0x0000028def64b5b0
Event: 5.417 Thread 0x0000028def6494e0 Thread added: 0x0000028def64c2d0
Event: 5.577 Thread 0x0000028def6494e0 Thread added: 0x0000028def64c960
Event: 6.116 Thread 0x0000028defd301a0 Thread exited: 0x0000028defd301a0
Event: 6.282 Thread 0x0000028de9256cd0 Thread added: 0x0000028df0b36470
Event: 8.358 Thread 0x0000028df0b36470 Thread exited: 0x0000028df0b36470
Event: 8.943 Thread 0x0000028de9256cd0 Thread added: 0x0000028df1a16ee0


Dynamic libraries:
0x00007ff648590000 - 0x00007ff64859a000 	C:\Program Files\Android\Android Studio\jbr\bin\java.exe
0x00007ffd92060000 - 0x00007ffd922c0000 	C:\WINDOWS\SYSTEM32\ntdll.dll
0x00007ffd90ed0000 - 0x00007ffd90f97000 	C:\WINDOWS\System32\KERNEL32.DLL
0x00007ffd8f850000 - 0x00007ffd8fc1a000 	C:\WINDOWS\System32\KERNELBASE.dll
0x00007ffd8fc20000 - 0x00007ffd8fd6b000 	C:\WINDOWS\System32\ucrtbase.dll
0x00007ffd7c0c0000 - 0x00007ffd7c0d8000 	C:\Program Files\Android\Android Studio\jbr\bin\jli.dll
0x00007ffd7ae80000 - 0x00007ffd7ae9b000 	C:\Program Files\Android\Android Studio\jbr\bin\VCRUNTIME140.dll
0x00007ffd91280000 - 0x00007ffd9144c000 	C:\WINDOWS\System32\USER32.dll
0x00007ffd8fe30000 - 0x00007ffd8fe57000 	C:\WINDOWS\System32\win32u.dll
0x00007ffd6e910000 - 0x00007ffd6eba7000 	C:\WINDOWS\WinSxS\amd64_microsoft.windows.common-controls_6595b64144ccf1df_6.0.26100.3624_none_3e086962e3345f24\COMCTL32.dll
0x00007ffd91ff0000 - 0x00007ffd9201a000 	C:\WINDOWS\System32\GDI32.dll
0x00007ffd8f510000 - 0x00007ffd8f641000 	C:\WINDOWS\System32\gdi32full.dll
0x00007ffd91d10000 - 0x00007ffd91db9000 	C:\WINDOWS\System32\msvcrt.dll
0x00007ffd8f240000 - 0x00007ffd8f2e3000 	C:\WINDOWS\System32\msvcp_win.dll
0x00007ffd90580000 - 0x00007ffd905af000 	C:\WINDOWS\System32\IMM32.DLL
0x00007ffd87330000 - 0x00007ffd8733c000 	C:\Program Files\Android\Android Studio\jbr\bin\vcruntime140_1.dll
0x00007ffd6aa60000 - 0x00007ffd6aaed000 	C:\Program Files\Android\Android Studio\jbr\bin\msvcp140.dll
0x00007ffd39a30000 - 0x00007ffd3a6b3000 	C:\Program Files\Android\Android Studio\jbr\bin\server\jvm.dll
0x00007ffd91dc0000 - 0x00007ffd91e72000 	C:\WINDOWS\System32\ADVAPI32.dll
0x00007ffd918d0000 - 0x00007ffd91976000 	C:\WINDOWS\System32\sechost.dll
0x00007ffd914d0000 - 0x00007ffd915e6000 	C:\WINDOWS\System32\RPCRT4.dll
0x00007ffd90630000 - 0x00007ffd906a4000 	C:\WINDOWS\System32\WS2_32.dll
0x00007ffd6ef80000 - 0x00007ffd6ef8b000 	C:\WINDOWS\SYSTEM32\VERSION.dll
0x00007ffd83ed0000 - 0x00007ffd83f06000 	C:\WINDOWS\SYSTEM32\WINMM.dll
0x00007ffd8f090000 - 0x00007ffd8f0ee000 	C:\WINDOWS\SYSTEM32\POWRPROF.dll
0x00007ffd8f070000 - 0x00007ffd8f084000 	C:\WINDOWS\SYSTEM32\UMPDC.dll
0x00007ffd8dfb0000 - 0x00007ffd8dfca000 	C:\WINDOWS\SYSTEM32\kernel.appcore.dll
0x00007ffd872f0000 - 0x00007ffd872fa000 	C:\Program Files\Android\Android Studio\jbr\bin\jimage.dll
0x00007ffd8c870000 - 0x00007ffd8cab1000 	C:\WINDOWS\SYSTEM32\DBGHELP.DLL
0x00007ffd91980000 - 0x00007ffd91d02000 	C:\WINDOWS\System32\combase.dll
0x00007ffd91e80000 - 0x00007ffd91f56000 	C:\WINDOWS\System32\OLEAUT32.dll
0x00007ffd5f350000 - 0x00007ffd5f389000 	C:\WINDOWS\SYSTEM32\dbgcore.DLL
0x00007ffd8f2f0000 - 0x00007ffd8f389000 	C:\WINDOWS\System32\bcryptPrimitives.dll
0x00007ffd7c4a0000 - 0x00007ffd7c4ae000 	C:\Program Files\Android\Android Studio\jbr\bin\instrument.dll
0x00007ffd7ae60000 - 0x00007ffd7ae80000 	C:\Program Files\Android\Android Studio\jbr\bin\java.dll
0x00007ffd7ae00000 - 0x00007ffd7ae18000 	C:\Program Files\Android\Android Studio\jbr\bin\zip.dll
0x00007ffd906b0000 - 0x00007ffd90dd9000 	C:\WINDOWS\System32\SHELL32.dll
0x00007ffd8f650000 - 0x00007ffd8f7b8000 	C:\WINDOWS\System32\wintypes.dll
0x00007ffd8ceb0000 - 0x00007ffd8d702000 	C:\WINDOWS\SYSTEM32\windows.storage.dll
0x00007ffd90de0000 - 0x00007ffd90ecd000 	C:\WINDOWS\System32\SHCORE.dll
0x00007ffd905c0000 - 0x00007ffd90624000 	C:\WINDOWS\System32\shlwapi.dll
0x00007ffd8f150000 - 0x00007ffd8f17f000 	C:\WINDOWS\SYSTEM32\profapi.dll
0x00007ffd85b30000 - 0x00007ffd85b40000 	C:\Program Files\Android\Android Studio\jbr\bin\net.dll
0x00007ffd7e570000 - 0x00007ffd7e68d000 	C:\WINDOWS\SYSTEM32\WINHTTP.dll
0x00007ffd8e570000 - 0x00007ffd8e5da000 	C:\WINDOWS\system32\mswsock.dll
0x00007ffd7ac80000 - 0x00007ffd7ac96000 	C:\Program Files\Android\Android Studio\jbr\bin\nio.dll
0x00007ffd7c2f0000 - 0x00007ffd7c300000 	C:\Program Files\Android\Android Studio\jbr\bin\verify.dll
0x00007ffd7aca0000 - 0x00007ffd7acc7000 	C:\Users\Acer\.gradle\native\c067742578af261105cb4f569cf0c3c89f3d7b1fecec35dd04571415982c5e48\windows-amd64\native-platform.dll
0x00007ffd4b740000 - 0x00007ffd4b884000 	C:\Users\Acer\.gradle\native\100fb08df4bc3b14c8652ba06237920a3bd2aa13389f12d3474272988ae205f9\windows-amd64\native-platform-file-events.dll
0x00007ffd7c580000 - 0x00007ffd7c589000 	C:\Program Files\Android\Android Studio\jbr\bin\management.dll
0x00007ffd7c540000 - 0x00007ffd7c54b000 	C:\Program Files\Android\Android Studio\jbr\bin\management_ext.dll
0x00007ffd902f0000 - 0x00007ffd902f8000 	C:\WINDOWS\System32\PSAPI.DLL
0x00007ffd8e820000 - 0x00007ffd8e83c000 	C:\WINDOWS\SYSTEM32\CRYPTSP.dll
0x00007ffd8dfd0000 - 0x00007ffd8e00a000 	C:\WINDOWS\system32\rsaenh.dll
0x00007ffd8e610000 - 0x00007ffd8e63b000 	C:\WINDOWS\SYSTEM32\USERENV.dll
0x00007ffd8f120000 - 0x00007ffd8f146000 	C:\WINDOWS\SYSTEM32\bcrypt.dll
0x00007ffd8e810000 - 0x00007ffd8e81c000 	C:\WINDOWS\SYSTEM32\CRYPTBASE.dll
0x00007ffd8da80000 - 0x00007ffd8dab3000 	C:\WINDOWS\SYSTEM32\IPHLPAPI.DLL
0x00007ffd90570000 - 0x00007ffd9057a000 	C:\WINDOWS\System32\NSI.dll
0x00007ffd7eb30000 - 0x00007ffd7eb39000 	C:\Program Files\Android\Android Studio\jbr\bin\extnet.dll
0x00007ffd608c0000 - 0x00007ffd608c8000 	C:\WINDOWS\system32\wshunix.dll

dbghelp: loaded successfully - version: 4.0.5 - missing functions: none
symbol engine: initialized successfully - sym options: 0x614 - pdb path: .;C:\Program Files\Android\Android Studio\jbr\bin;C:\WINDOWS\SYSTEM32;C:\WINDOWS\WinSxS\amd64_microsoft.windows.common-controls_6595b64144ccf1df_6.0.26100.3624_none_3e086962e3345f24;C:\Program Files\Android\Android Studio\jbr\bin\server;C:\Users\Acer\.gradle\native\c067742578af261105cb4f569cf0c3c89f3d7b1fecec35dd04571415982c5e48\windows-amd64;C:\Users\Acer\.gradle\native\100fb08df4bc3b14c8652ba06237920a3bd2aa13389f12d3474272988ae205f9\windows-amd64

VM Arguments:
jvm_args: --add-opens=java.base/java.util=ALL-UNNAMED --add-opens=java.base/java.lang=ALL-UNNAMED --add-opens=java.base/java.lang.invoke=ALL-UNNAMED --add-opens=java.prefs/java.util.prefs=ALL-UNNAMED --add-exports=jdk.compiler/com.sun.tools.javac.api=ALL-UNNAMED --add-exports=jdk.compiler/com.sun.tools.javac.util=ALL-UNNAMED --add-opens=java.base/java.nio.charset=ALL-UNNAMED --add-opens=java.base/java.net=ALL-UNNAMED --add-opens=java.base/java.util.concurrent.atomic=ALL-UNNAMED -Xmx2048m -Dfile.encoding=UTF-8 -Duser.country=PH -Duser.language=en -Duser.variant -javaagent:C:\Users\Acer\.gradle\wrapper\dists\gradle-8.10.2-bin\a04bxjujx95o3nb99gddekhwo\gradle-8.10.2\lib\agents\gradle-instrumentation-agent-8.10.2.jar 
java_command: org.gradle.launcher.daemon.bootstrap.GradleDaemon 8.10.2
java_class_path (initial): C:\Users\Acer\.gradle\wrapper\dists\gradle-8.10.2-bin\a04bxjujx95o3nb99gddekhwo\gradle-8.10.2\lib\gradle-daemon-main-8.10.2.jar
Launcher Type: SUN_STANDARD

[Global flags]
     intx CICompilerCount                          = 4                                         {product} {ergonomic}
     uint ConcGCThreads                            = 3                                         {product} {ergonomic}
     uint G1ConcRefinementThreads                  = 10                                        {product} {ergonomic}
   size_t G1HeapRegionSize                         = 1048576                                   {product} {ergonomic}
    uintx GCDrainStackTargetSize                   = 64                                        {product} {ergonomic}
   size_t InitialHeapSize                          = 130023424                                 {product} {ergonomic}
   size_t MarkStackSize                            = 4194304                                   {product} {ergonomic}
   size_t MaxHeapSize                              = 2147483648                                {product} {command line}
   size_t MaxNewSize                               = 1287651328                                {product} {ergonomic}
   size_t MinHeapDeltaBytes                        = 1048576                                   {product} {ergonomic}
   size_t MinHeapSize                              = 8388608                                   {product} {ergonomic}
    uintx NonNMethodCodeHeapSize                   = 5839372                                {pd product} {ergonomic}
    uintx NonProfiledCodeHeapSize                  = 122909434                              {pd product} {ergonomic}
    uintx ProfiledCodeHeapSize                     = 122909434                              {pd product} {ergonomic}
    uintx ReservedCodeCacheSize                    = 251658240                              {pd product} {ergonomic}
     bool SegmentedCodeCache                       = true                                      {product} {ergonomic}
   size_t SoftMaxHeapSize                          = 2147483648                             {manageable} {ergonomic}
     bool UseCompressedOops                        = true                           {product lp64_product} {ergonomic}
     bool UseG1GC                                  = true                                      {product} {ergonomic}
     bool UseLargePagesIndividualAllocation        = false                                  {pd product} {ergonomic}

Logging:
Log output configuration:
 #0: stdout all=warning uptime,level,tags foldmultilines=false
 #1: stderr all=off uptime,level,tags foldmultilines=false

Environment Variables:
PATH=C:\Program Files\Microsoft MPI\Bin\;C:\Program Files (x86)\Common Files\Oracle\Java\javapath;C:\WINDOWS\system32;C:\WINDOWS;C:\WINDOWS\System32\Wbem;C:\WINDOWS\System32\WindowsPowerShell\v1.0\;C:\WINDOWS\System32\OpenSSH\;C:\Program Files\Git\cmd;C:\Program Files (x86)\Microsoft SQL Server\160\DTS\Binn\;C:\Program Files (x86)\Microsoft SQL Server\160\Tools\Binn\;C:\Program Files\Microsoft SQL Server\160\Tools\Binn\;C:\Program Files\Microsoft SQL Server\Client SDK\ODBC\170\Tools\Binn\;C:\Program Files\Microsoft SQL Server\160\DTS\Binn\;C:\Users\Acer\AppData\Local\Microsoft\WindowsApps;C:\Users\Acer\AppData\Local\Programs\Microsoft VS Code\bin
USERNAME=Acer
OS=Windows_NT
PROCESSOR_IDENTIFIER=Intel64 Family 6 Model 186 Stepping 3, GenuineIntel
TMP=C:\Users\Acer\AppData\Local\Temp
TEMP=C:\Users\Acer\AppData\Local\Temp




Periodic native trim disabled

JNI global refs:
JNI global refs: 26, weak refs: 0

JNI global refs memory usage: 835, weak refs: 201

Process memory usage:
Resident Set Size: 277740K (3% of 8069112K total physical memory with 538280K free physical memory)

OOME stack traces (most recent first):
Classloader memory used:
Loader org.gradle.internal.classloader.VisitableURLClassLoader                         : 31628K
Loader bootstrap                                                                       : 22147K
Loader org.gradle.initialization.MixInLegacyTypesClassLoader                           : 7178K
Loader jdk.internal.loader.ClassLoaders$PlatformClassLoader                            : 495K
Loader jdk.internal.loader.ClassLoaders$AppClassLoader                                 : 234K
Loader org.gradle.internal.classloader.VisitableURLClassLoader                         : 65920B
Loader jdk.internal.reflect.DelegatingClassLoader                                      : 23760B

Classes loaded by more than one classloader:
Class org.gradle.internal.classloader.FilteringClassLoader                            : loaded 2 times (x 101B)
Class org.gradle.internal.classloader.ClassLoaderHierarchy                            : loaded 2 times (x 66B)
Class org.gradle.api.internal.classpath.ManifestUtil                                  : loaded 2 times (x 67B)
Class org.gradle.internal.classloader.DefaultClassLoaderFactory                       : loaded 2 times (x 78B)
Class org.gradle.internal.classloader.ClassLoaderVisitor                              : loaded 2 times (x 72B)
Class org.gradle.api.internal.classpath.EffectiveClassPath                            : loaded 2 times (x 86B)
Class org.gradle.api.internal.DefaultClassPathProvider                                : loaded 2 times (x 72B)
Class [Lorg.gradle.api.internal.ClassPathProvider;                                    : loaded 2 times (x 65B)
Class org.gradle.api.internal.ClassPathProvider                                       : loaded 2 times (x 66B)
Class org.gradle.internal.service.UnknownServiceException                             : loaded 2 times (x 79B)
Class org.gradle.internal.classpath.TransformedClassPath                              : loaded 2 times (x 92B)
Class org.gradle.internal.classloader.InstrumentingClassLoader                        : loaded 2 times (x 66B)
Class org.gradle.internal.service.ServiceLocator                                      : loaded 2 times (x 66B)
Class org.gradle.internal.InternalTransformer                                         : loaded 2 times (x 66B)
Class org.gradle.internal.classloader.ClasspathUtil$1                                 : loaded 2 times (x 72B)
Class org.gradle.api.internal.classpath.DefaultModuleRegistry$DefaultModule           : loaded 2 times (x 82B)
Class org.gradle.api.internal.classpath.Module                                        : loaded 2 times (x 66B)
Class org.gradle.api.internal.classpath.UnknownModuleException                        : loaded 2 times (x 78B)
Class org.gradle.api.internal.DefaultClassPathRegistry                                : loaded 2 times (x 72B)
Class org.gradle.api.internal.ClassPathRegistry                                       : loaded 2 times (x 66B)
Class org.gradle.internal.classpath.DefaultClassPath$ImmutableUniqueList              : loaded 2 times (x 195B)
Class Settings_gradle$1                                                               : loaded 2 times (x 70B)
Class Program                                                                         : loaded 2 times (x 68B)
Class org.gradle.internal.classpath.ClassPath                                         : loaded 2 times (x 66B)
Class org.gradle.api.UncheckedIOException                                             : loaded 2 times (x 78B)
Class org.gradle.internal.installation.GradleInstallation$1                           : loaded 2 times (x 71B)
Class org.gradle.api.internal.classpath.ModuleRegistry                                : loaded 2 times (x 66B)
Class org.gradle.api.internal.classpath.DefaultModuleRegistry                         : loaded 2 times (x 82B)
Class org.gradle.internal.service.ServiceLookupException                              : loaded 2 times (x 78B)
Class org.gradle.internal.classloader.ClassLoaderFactory                              : loaded 2 times (x 66B)
Class org.gradle.internal.service.CachingServiceLocator                               : loaded 2 times (x 78B)
Class org.gradle.internal.classloader.ClasspathUtil                                   : loaded 2 times (x 67B)
Class org.gradle.api.specs.Spec                                                       : loaded 2 times (x 66B)
Class org.gradle.internal.classloader.VisitableURLClassLoader$InstrumentingVisitableURLClassLoader: loaded 2 times (x 119B)
Class org.gradle.internal.classloader.VisitableURLClassLoader$Spec                    : loaded 2 times (x 70B)
Class org.gradle.internal.classpath.DefaultClassPath                                  : loaded 2 times (x 86B)
Class org.gradle.internal.classloader.ClassLoaderSpec                                 : loaded 2 times (x 67B)
Class Settings_gradle$1$1                                                             : loaded 2 times (x 70B)
Class org.gradle.internal.classloader.VisitableURLClassLoader                         : loaded 2 times (x 113B)
Class Settings_gradle                                                                 : loaded 2 times (x 124B)
Class org.gradle.internal.Cast                                                        : loaded 2 times (x 67B)
Class org.gradle.api.Action                                                           : loaded 2 times (x 66B)
Class org.gradle.internal.classpath.DefaultClassPath$ImmutableUniqueList$Builder      : loaded 2 times (x 71B)
Class org.gradle.api.GradleException                                                  : loaded 2 times (x 78B)
Class org.gradle.internal.IoActions                                                   : loaded 2 times (x 67B)
Class org.gradle.internal.classloader.SystemClassLoaderSpec                           : loaded 2 times (x 67B)
Class org.gradle.api.internal.classpath.GlobalCacheRootsProvider                      : loaded 2 times (x 66B)
Class org.gradle.internal.installation.CurrentGradleInstallationLocator               : loaded 2 times (x 67B)
Class org.gradle.internal.service.DefaultServiceLocator                               : loaded 2 times (x 79B)
Class org.gradle.internal.installation.CurrentGradleInstallation                      : loaded 2 times (x 69B)
Class org.gradle.util.internal.GUtil                                                  : loaded 2 times (x 67B)
Class org.gradle.internal.installation.GradleInstallation                             : loaded 2 times (x 71B)

---------------  S Y S T E M  ---------------

OS:
 Windows 11 , 64 bit Build 26100 (10.0.26100.3775)
OS uptime: 1 days 9:15 hours
Hyper-V role detected

CPU: total 12 (initial active 12) (6 cores per cpu, 2 threads per core) family 6 model 186 stepping 3 microcode 0x411f, cx8, cmov, fxsr, ht, mmx, 3dnowpref, sse, sse2, sse3, ssse3, sse4.1, sse4.2, popcnt, lzcnt, tsc, tscinvbit, avx, avx2, aes, erms, clmul, bmi1, bmi2, adx, sha, fma, vzeroupper, clflush, clflushopt, clwb, hv, serialize, rdtscp, rdpid, fsrm, f16c, cet_ibt, cet_ss
Processor Information for processor 0
  Max Mhz: 1400, Current Mhz: 1400, Mhz Limit: 1400
Processor Information for processor 1
  Max Mhz: 1400, Current Mhz: 1400, Mhz Limit: 1400
Processor Information for processor 2
  Max Mhz: 1400, Current Mhz: 1400, Mhz Limit: 1400
Processor Information for processor 3
  Max Mhz: 1400, Current Mhz: 1400, Mhz Limit: 1400
Processor Information for processor 4
  Max Mhz: 1400, Current Mhz: 900, Mhz Limit: 896
Processor Information for processor 5
  Max Mhz: 1400, Current Mhz: 900, Mhz Limit: 896
Processor Information for processor 6
  Max Mhz: 1400, Current Mhz: 900, Mhz Limit: 896
Processor Information for processor 7
  Max Mhz: 1400, Current Mhz: 900, Mhz Limit: 896
Processor Information for processor 8
  Max Mhz: 1400, Current Mhz: 900, Mhz Limit: 896
Processor Information for processor 9
  Max Mhz: 1400, Current Mhz: 900, Mhz Limit: 896
Processor Information for processor 10
  Max Mhz: 1400, Current Mhz: 900, Mhz Limit: 896
Processor Information for processor 11
  Max Mhz: 1400, Current Mhz: 900, Mhz Limit: 896

Memory: 4k page, system-wide physical 7879M (516M free)
TotalPageFile size 32455M (AvailPageFile size 1M)
current process WorkingSet (physical memory assigned to process): 273M, peak: 278M
current process commit charge ("private bytes"): 322M, peak: 328M

vm_info: OpenJDK 64-Bit Server VM (21.0.4+-12508038-b607.1) for windows-amd64 JRE (21.0.4+-12508038-b607.1), built on 2024-10-16T17:23:34Z by "builder" with MS VC++ 16.10 / 16.11 (VS2019)

END.
