#
# There is insufficient memory for the Java Runtime Environment to continue.
# Native memory allocation (mmap) failed to map 17825792 bytes. Error detail: G1 virtual space
# Possible reasons:
#   The system is out of physical RAM or swap space
#   This process is running with CompressedOops enabled, and the Java Heap may be blocking the growth of the native heap
# Possible solutions:
#   Reduce memory load on the system
#   Increase physical memory or swap space
#   Check if swap backing store is full
#   Decrease Java heap size (-Xmx/-Xms)
#   Decrease number of Java threads
#   Decrease Java thread stack sizes (-Xss)
#   Set larger code cache with -XX:ReservedCodeCacheSize=
#   JVM is running with Unscaled Compressed Oops mode in which the Java heap is
#     placed in the first 4GB address space. The Java Heap base address is the
#     maximum limit for the native heap growth. Please use -XX:HeapBaseMinAddress
#     to set the Java Heap base and to place the Java Heap above 4GB virtual address.
# This output file may be truncated or incomplete.
#
#  Out of Memory Error (os_windows.cpp:3828), pid=28132, tid=36452
#
# JRE version: OpenJDK Runtime Environment (21.0.4) (build 21.0.4+-12508038-b607.1)
# Java VM: OpenJDK 64-Bit Server VM (21.0.4+-12508038-b607.1, mixed mode, tiered, compressed oops, compressed class ptrs, g1 gc, windows-amd64)
# No core dump will be written. Minidumps are not enabled by default on client versions of Windows
#

---------------  S U M M A R Y ------------

Command Line: --add-opens=java.base/java.util=ALL-UNNAMED --add-opens=java.base/java.lang=ALL-UNNAMED --add-opens=java.base/java.lang.invoke=ALL-UNNAMED --add-opens=java.prefs/java.util.prefs=ALL-UNNAMED --add-exports=jdk.compiler/com.sun.tools.javac.api=ALL-UNNAMED --add-exports=jdk.compiler/com.sun.tools.javac.util=ALL-UNNAMED --add-opens=java.base/java.nio.charset=ALL-UNNAMED --add-opens=java.base/java.net=ALL-UNNAMED --add-opens=java.base/java.util.concurrent.atomic=ALL-UNNAMED -Xmx2048m -Dfile.encoding=UTF-8 -Duser.country=PH -Duser.language=en -Duser.variant -javaagent:C:\Users\Acer\.gradle\wrapper\dists\gradle-8.10.2-bin\a04bxjujx95o3nb99gddekhwo\gradle-8.10.2\lib\agents\gradle-instrumentation-agent-8.10.2.jar org.gradle.launcher.daemon.bootstrap.GradleDaemon 8.10.2

Host: Intel(R) Core(TM) 5 120U, 12 cores, 7G,  Windows 11 , 64 bit Build 26100 (10.0.26100.3775)
Time: Fri May  2 18:01:56 2025 China Standard Time elapsed time: 13.925386 seconds (0d 0h 0m 13s)

---------------  T H R E A D  ---------------

Current thread (0x000001f884018be0):  VMThread "VM Thread"          [id=36452, stack(0x00000019cf900000,0x00000019cfa00000) (1024K)]

Stack: [0x00000019cf900000,0x00000019cfa00000]
Native frames: (J=compiled Java code, j=interpreted, Vv=VM code, C=native code)
V  [jvm.dll+0x6ce539]
V  [jvm.dll+0x85bf03]
V  [jvm.dll+0x85e45e]
V  [jvm.dll+0x85eb43]
V  [jvm.dll+0x27dd06]
V  [jvm.dll+0x6cada5]
V  [jvm.dll+0x6bf27a]
V  [jvm.dll+0x3541fb]
V  [jvm.dll+0x35be36]
V  [jvm.dll+0x3adbc6]
V  [jvm.dll+0x3ade98]
V  [jvm.dll+0x32691c]
V  [jvm.dll+0x3269a7]
V  [jvm.dll+0x36c78c]
V  [jvm.dll+0x36af3e]
V  [jvm.dll+0x326071]
V  [jvm.dll+0x36a650]
V  [jvm.dll+0x8648c8]
V  [jvm.dll+0x865c44]
V  [jvm.dll+0x866180]
V  [jvm.dll+0x866413]
V  [jvm.dll+0x804418]
V  [jvm.dll+0x6cce0d]
C  [ucrtbase.dll+0x37b0]
C  [KERNEL32.DLL+0x2e8d7]
C  [ntdll.dll+0xb14fc]

VM_Operation (0x00000019d46fbf80): G1CollectForAllocation, mode: safepoint, requested by thread 0x000001f886177010


---------------  P R O C E S S  ---------------

Threads class SMR info:
_java_thread_list=0x000001f889b81590, length=67, elements={
0x000001f8e5dc5a80, 0x000001f8840416c0, 0x000001f884073e20, 0x000001f884074ea0,
0x000001f884075900, 0x000001f88408a6f0, 0x000001f88408b150, 0x000001f88408bbb0,
0x000001f88408c780, 0x000001f884195d80, 0x000001f884352ff0, 0x000001f8854e5c90,
0x000001f885223fd0, 0x000001f8856ca230, 0x000001f885eb0c50, 0x000001f885eaf210,
0x000001f885eae4f0, 0x000001f885eaeb80, 0x000001f885eaf8a0, 0x000001f885eaff30,
0x000001f885eb05c0, 0x000001f885ead7d0, 0x000001f885eade60, 0x000001f8860bbf90,
0x000001f8860babe0, 0x000001f8860bb270, 0x000001f8860bb900, 0x000001f8860bccb0,
0x000001f8860bd340, 0x000001f8860bd9d0, 0x000001f8860ba550, 0x000001f8860c14e0,
0x000001f8891460d0, 0x000001f8860c1b70, 0x000001f888c8f320, 0x000001f888c90040,
0x000001f888c913f0, 0x000001f888c8e600, 0x000001f888c8df70, 0x000001f888c8ec90,
0x000001f888c8f9b0, 0x000001f888c906d0, 0x000001f888c90d60, 0x000001f887a56100,
0x000001f887a581d0, 0x000001f887a56790, 0x000001f887a54d50, 0x000001f887a57b40,
0x000001f887a56e20, 0x000001f887a574b0, 0x000001f887a58860, 0x000001f887a553e0,
0x000001f887a58ef0, 0x000001f887a55a70, 0x000001f887a5b650, 0x000001f889931e50,
0x000001f887a59580, 0x000001f887a5a930, 0x000001f887a59c10, 0x000001f887a5afc0,
0x000001f887a5bce0, 0x000001f887a5c370, 0x000001f887a5a2a0, 0x000001f886173500,
0x000001f886174f40, 0x000001f886173b90, 0x000001f886177010
}

Java Threads: ( => current thread )
  0x000001f8e5dc5a80 JavaThread "main"                              [_thread_blocked, id=33484, stack(0x00000019cf200000,0x00000019cf300000) (1024K)]
  0x000001f8840416c0 JavaThread "Reference Handler"          daemon [_thread_blocked, id=37060, stack(0x00000019cfa00000,0x00000019cfb00000) (1024K)]
  0x000001f884073e20 JavaThread "Finalizer"                  daemon [_thread_blocked, id=32656, stack(0x00000019cfb00000,0x00000019cfc00000) (1024K)]
  0x000001f884074ea0 JavaThread "Signal Dispatcher"          daemon [_thread_blocked, id=16824, stack(0x00000019cfc00000,0x00000019cfd00000) (1024K)]
  0x000001f884075900 JavaThread "Attach Listener"            daemon [_thread_blocked, id=40276, stack(0x00000019cfd00000,0x00000019cfe00000) (1024K)]
  0x000001f88408a6f0 JavaThread "Service Thread"             daemon [_thread_blocked, id=40952, stack(0x00000019cfe00000,0x00000019cff00000) (1024K)]
  0x000001f88408b150 JavaThread "Monitor Deflation Thread"   daemon [_thread_blocked, id=39144, stack(0x00000019cff00000,0x00000019d0000000) (1024K)]
  0x000001f88408bbb0 JavaThread "C2 CompilerThread0"         daemon [_thread_blocked, id=37472, stack(0x00000019d0000000,0x00000019d0100000) (1024K)]
  0x000001f88408c780 JavaThread "C1 CompilerThread0"         daemon [_thread_blocked, id=37276, stack(0x00000019d0100000,0x00000019d0200000) (1024K)]
  0x000001f884195d80 JavaThread "Common-Cleaner"             daemon [_thread_blocked, id=38636, stack(0x00000019d0200000,0x00000019d0300000) (1024K)]
  0x000001f884352ff0 JavaThread "Notification Thread"        daemon [_thread_blocked, id=32552, stack(0x00000019d0300000,0x00000019d0400000) (1024K)]
  0x000001f8854e5c90 JavaThread "Daemon health stats"               [_thread_blocked, id=38196, stack(0x00000019d0a00000,0x00000019d0b00000) (1024K)]
  0x000001f885223fd0 JavaThread "Incoming local TCP Connector on port 53087"        [_thread_in_native, id=39908, stack(0x00000019d0b00000,0x00000019d0c00000) (1024K)]
  0x000001f8856ca230 JavaThread "Daemon periodic checks"            [_thread_blocked, id=31956, stack(0x00000019d0d00000,0x00000019d0e00000) (1024K)]
  0x000001f885eb0c50 JavaThread "Daemon"                            [_thread_blocked, id=36424, stack(0x00000019d0e00000,0x00000019d0f00000) (1024K)]
  0x000001f885eaf210 JavaThread "Handler for socket connection from /127.0.0.1:53087 to /127.0.0.1:53088"        [_thread_in_native, id=35116, stack(0x00000019d0f00000,0x00000019d1000000) (1024K)]
  0x000001f885eae4f0 JavaThread "Cancel handler"                    [_thread_blocked, id=40296, stack(0x00000019d1000000,0x00000019d1100000) (1024K)]
  0x000001f885eaeb80 JavaThread "Daemon worker"                     [_thread_blocked, id=36076, stack(0x00000019d1100000,0x00000019d1200000) (1024K)]
  0x000001f885eaf8a0 JavaThread "Asynchronous log dispatcher for DefaultDaemonConnection: socket connection from /127.0.0.1:53087 to /127.0.0.1:53088"        [_thread_blocked, id=30880, stack(0x00000019d1200000,0x00000019d1300000) (1024K)]
  0x000001f885eaff30 JavaThread "Stdin handler"                     [_thread_blocked, id=38280, stack(0x00000019d1300000,0x00000019d1400000) (1024K)]
  0x000001f885eb05c0 JavaThread "Daemon client event forwarder"        [_thread_blocked, id=30648, stack(0x00000019d1400000,0x00000019d1500000) (1024K)]
  0x000001f885ead7d0 JavaThread "Cache worker for journal cache (C:\Users\Acer\.gradle\caches\journal-1)"        [_thread_blocked, id=18204, stack(0x00000019d1a00000,0x00000019d1b00000) (1024K)]
  0x000001f885eade60 JavaThread "File lock request listener"        [_thread_in_native, id=24156, stack(0x00000019d1b00000,0x00000019d1c00000) (1024K)]
  0x000001f8860bbf90 JavaThread "Cache worker for file hash cache (C:\Users\Acer\.gradle\caches\8.10.2\fileHashes)"        [_thread_blocked, id=34156, stack(0x00000019d1c00000,0x00000019d1d00000) (1024K)]
  0x000001f8860babe0 JavaThread "Cache worker for file hash cache (C:\Users\Acer\AndroidStudioProjects\FinalsProject\.gradle\8.10.2\fileHashes)"        [_thread_blocked, id=34292, stack(0x00000019d0c00000,0x00000019d0d00000) (1024K)]
  0x000001f8860bb270 JavaThread "Cache worker for Build Output Cleanup Cache (C:\Users\Acer\AndroidStudioProjects\FinalsProject\.gradle\buildOutputCleanup)"        [_thread_blocked, id=17860, stack(0x00000019d1d00000,0x00000019d1e00000) (1024K)]
  0x000001f8860bb900 JavaThread "File watcher server"        daemon [_thread_blocked, id=40444, stack(0x00000019d1e00000,0x00000019d1f00000) (1024K)]
  0x000001f8860bccb0 JavaThread "File watcher consumer"      daemon [_thread_blocked, id=38068, stack(0x00000019d1f00000,0x00000019d2000000) (1024K)]
  0x000001f8860bd340 JavaThread "Cache worker for checksums cache (C:\Users\Acer\AndroidStudioProjects\FinalsProject\.gradle\8.10.2\checksums)"        [_thread_blocked, id=29884, stack(0x00000019d2000000,0x00000019d2100000) (1024K)]
  0x000001f8860bd9d0 JavaThread "Cache worker for file content cache (C:\Users\Acer\.gradle\caches\8.10.2\fileContent)"        [_thread_blocked, id=39896, stack(0x00000019d2100000,0x00000019d2200000) (1024K)]
  0x000001f8860ba550 JavaThread "Cache worker for cache directory md-rule (C:\Users\Acer\.gradle\caches\8.10.2\md-rule)"        [_thread_blocked, id=40608, stack(0x00000019d2200000,0x00000019d2300000) (1024K)]
  0x000001f8860c14e0 JavaThread "Cache worker for cache directory md-supplier (C:\Users\Acer\.gradle\caches\8.10.2\md-supplier)"        [_thread_blocked, id=32520, stack(0x00000019d2300000,0x00000019d2400000) (1024K)]
  0x000001f8891460d0 JavaThread "C2 CompilerThread1"         daemon [_thread_blocked, id=31784, stack(0x00000019d2400000,0x00000019d2500000) (1024K)]
  0x000001f8860c1b70 JavaThread "Unconstrained build operations"        [_thread_blocked, id=40884, stack(0x00000019d2500000,0x00000019d2600000) (1024K)]
  0x000001f888c8f320 JavaThread "Unconstrained build operations Thread 2"        [_thread_blocked, id=26928, stack(0x00000019d2600000,0x00000019d2700000) (1024K)]
  0x000001f888c90040 JavaThread "Unconstrained build operations Thread 3"        [_thread_blocked, id=33704, stack(0x00000019d2700000,0x00000019d2800000) (1024K)]
  0x000001f888c913f0 JavaThread "Unconstrained build operations Thread 4"        [_thread_blocked, id=37988, stack(0x00000019d2800000,0x00000019d2900000) (1024K)]
  0x000001f888c8e600 JavaThread "Unconstrained build operations Thread 5"        [_thread_blocked, id=7676, stack(0x00000019d2900000,0x00000019d2a00000) (1024K)]
  0x000001f888c8df70 JavaThread "Unconstrained build operations Thread 6"        [_thread_blocked, id=40880, stack(0x00000019d2a00000,0x00000019d2b00000) (1024K)]
  0x000001f888c8ec90 JavaThread "Unconstrained build operations Thread 7"        [_thread_blocked, id=40544, stack(0x00000019d2b00000,0x00000019d2c00000) (1024K)]
  0x000001f888c8f9b0 JavaThread "Unconstrained build operations Thread 8"        [_thread_blocked, id=39740, stack(0x00000019d2c00000,0x00000019d2d00000) (1024K)]
  0x000001f888c906d0 JavaThread "Unconstrained build operations Thread 9"        [_thread_blocked, id=23656, stack(0x00000019d2d00000,0x00000019d2e00000) (1024K)]
  0x000001f888c90d60 JavaThread "Unconstrained build operations Thread 10"        [_thread_blocked, id=37800, stack(0x00000019d2e00000,0x00000019d2f00000) (1024K)]
  0x000001f887a56100 JavaThread "Unconstrained build operations Thread 11"        [_thread_blocked, id=40240, stack(0x00000019d2f00000,0x00000019d3000000) (1024K)]
  0x000001f887a581d0 JavaThread "Unconstrained build operations Thread 12"        [_thread_blocked, id=20288, stack(0x00000019d3000000,0x00000019d3100000) (1024K)]
  0x000001f887a56790 JavaThread "Unconstrained build operations Thread 13"        [_thread_blocked, id=31972, stack(0x00000019d3100000,0x00000019d3200000) (1024K)]
  0x000001f887a54d50 JavaThread "Unconstrained build operations Thread 14"        [_thread_blocked, id=35260, stack(0x00000019d3200000,0x00000019d3300000) (1024K)]
  0x000001f887a57b40 JavaThread "Unconstrained build operations Thread 15"        [_thread_blocked, id=37452, stack(0x00000019d3300000,0x00000019d3400000) (1024K)]
  0x000001f887a56e20 JavaThread "Unconstrained build operations Thread 16"        [_thread_blocked, id=40644, stack(0x00000019d3400000,0x00000019d3500000) (1024K)]
  0x000001f887a574b0 JavaThread "Unconstrained build operations Thread 17"        [_thread_blocked, id=39720, stack(0x00000019d3500000,0x00000019d3600000) (1024K)]
  0x000001f887a58860 JavaThread "Unconstrained build operations Thread 18"        [_thread_blocked, id=37372, stack(0x00000019d3600000,0x00000019d3700000) (1024K)]
  0x000001f887a553e0 JavaThread "Unconstrained build operations Thread 19"        [_thread_blocked, id=35764, stack(0x00000019d3700000,0x00000019d3800000) (1024K)]
  0x000001f887a58ef0 JavaThread "Unconstrained build operations Thread 20"        [_thread_blocked, id=31112, stack(0x00000019d3800000,0x00000019d3900000) (1024K)]
  0x000001f887a55a70 JavaThread "Unconstrained build operations Thread 21"        [_thread_blocked, id=36300, stack(0x00000019d3900000,0x00000019d3a00000) (1024K)]
  0x000001f887a5b650 JavaThread "Unconstrained build operations Thread 22"        [_thread_blocked, id=39904, stack(0x00000019d3a00000,0x00000019d3b00000) (1024K)]
  0x000001f889931e50 JavaThread "C2 CompilerThread2"         daemon [_thread_blocked, id=39660, stack(0x00000019d3b00000,0x00000019d3c00000) (1024K)]
  0x000001f887a59580 JavaThread "Unconstrained build operations Thread 23"        [_thread_blocked, id=23016, stack(0x00000019d3c00000,0x00000019d3d00000) (1024K)]
  0x000001f887a5a930 JavaThread "Unconstrained build operations Thread 24"        [_thread_blocked, id=36700, stack(0x00000019d3d00000,0x00000019d3e00000) (1024K)]
  0x000001f887a59c10 JavaThread "Unconstrained build operations Thread 25"        [_thread_blocked, id=38124, stack(0x00000019d3e00000,0x00000019d3f00000) (1024K)]
  0x000001f887a5afc0 JavaThread "Unconstrained build operations Thread 26"        [_thread_blocked, id=36444, stack(0x00000019d3f00000,0x00000019d4000000) (1024K)]
  0x000001f887a5bce0 JavaThread "Unconstrained build operations Thread 27"        [_thread_blocked, id=35568, stack(0x00000019d4000000,0x00000019d4100000) (1024K)]
  0x000001f887a5c370 JavaThread "Unconstrained build operations Thread 28"        [_thread_blocked, id=34912, stack(0x00000019d4100000,0x00000019d4200000) (1024K)]
  0x000001f887a5a2a0 JavaThread "Unconstrained build operations Thread 29"        [_thread_blocked, id=33624, stack(0x00000019d4200000,0x00000019d4300000) (1024K)]
  0x000001f886173500 JavaThread "Unconstrained build operations Thread 30"        [_thread_blocked, id=38620, stack(0x00000019d4300000,0x00000019d4400000) (1024K)]
  0x000001f886174f40 JavaThread "Unconstrained build operations Thread 31"        [_thread_blocked, id=11984, stack(0x00000019d4400000,0x00000019d4500000) (1024K)]
  0x000001f886173b90 JavaThread "Unconstrained build operations Thread 32"        [_thread_blocked, id=40864, stack(0x00000019d4500000,0x00000019d4600000) (1024K)]
  0x000001f886177010 JavaThread "Unconstrained build operations Thread 33"        [_thread_blocked, id=38856, stack(0x00000019d4600000,0x00000019d4700000) (1024K)]
Total: 67

Other Threads:
=>0x000001f884018be0 VMThread "VM Thread"                           [id=36452, stack(0x00000019cf900000,0x00000019cfa00000) (1024K)]
  0x000001f8ffbcbe10 WatcherThread "VM Periodic Task Thread"        [id=12860, stack(0x00000019cf800000,0x00000019cf900000) (1024K)]
  0x000001f8e82724e0 WorkerThread "GC Thread#0"                     [id=32124, stack(0x00000019cf300000,0x00000019cf400000) (1024K)]
  0x000001f884b61e50 WorkerThread "GC Thread#1"                     [id=37484, stack(0x00000019d0600000,0x00000019d0700000) (1024K)]
  0x000001f88468b9b0 WorkerThread "GC Thread#2"                     [id=38312, stack(0x00000019d0700000,0x00000019d0800000) (1024K)]
  0x000001f88453e5f0 WorkerThread "GC Thread#3"                     [id=24932, stack(0x00000019d0800000,0x00000019d0900000) (1024K)]
  0x000001f884da2a60 WorkerThread "GC Thread#4"                     [id=32836, stack(0x00000019d0900000,0x00000019d0a00000) (1024K)]
  0x000001f885840960 WorkerThread "GC Thread#5"                     [id=31828, stack(0x00000019d0400000,0x00000019d0500000) (1024K)]
  0x000001f885840d00 WorkerThread "GC Thread#6"                     [id=40248, stack(0x00000019d0500000,0x00000019d0600000) (1024K)]
  0x000001f885f34780 WorkerThread "GC Thread#7"                     [id=7028, stack(0x00000019d1500000,0x00000019d1600000) (1024K)]
  0x000001f885f34ec0 WorkerThread "GC Thread#8"                     [id=21840, stack(0x00000019d1600000,0x00000019d1700000) (1024K)]
  0x000001f885f35260 WorkerThread "GC Thread#9"                     [id=37464, stack(0x00000019d1700000,0x00000019d1800000) (1024K)]
  0x000001f8e82833d0 ConcurrentGCThread "G1 Main Marker"            [id=33980, stack(0x00000019cf400000,0x00000019cf500000) (1024K)]
  0x000001f8e8284c20 WorkerThread "G1 Conc#0"                       [id=25984, stack(0x00000019cf500000,0x00000019cf600000) (1024K)]
  0x000001f885f359a0 WorkerThread "G1 Conc#1"                       [id=33768, stack(0x00000019d1800000,0x00000019d1900000) (1024K)]
  0x000001f885f35600 WorkerThread "G1 Conc#2"                       [id=23944, stack(0x00000019d1900000,0x00000019d1a00000) (1024K)]
  0x000001f8e82dea20 ConcurrentGCThread "G1 Refine#0"               [id=35252, stack(0x00000019cf600000,0x00000019cf700000) (1024K)]
  0x000001f8ffa9b930 ConcurrentGCThread "G1 Service"                [id=39484, stack(0x00000019cf700000,0x00000019cf800000) (1024K)]
Total: 18

Threads with active compile tasks:
C2 CompilerThread0    14004 8054       4       org.gradle.tooling.internal.provider.runner.ClientBuildEventGenerator::started (168 bytes)
C1 CompilerThread0    14004 8060       3       org.gradle.internal.execution.steps.UpToDateResult::<init> (29 bytes)
C2 CompilerThread1    14004 8020       4       java.util.stream.ReferencePipeline::collect (124 bytes)
C2 CompilerThread2    14004 8025   !   4       java.io.BufferedInputStream::read (54 bytes)
Total: 4

VM state: at safepoint (normal execution)

VM Mutex/Monitor currently owned by a thread:  ([mutex/lock_event])
[0x00007ffd3a5d72f8] Threads_lock - owner thread: 0x000001f884018be0
[0x00007ffd3a5d73f8] Heap_lock - owner thread: 0x000001f886177010

Heap address: 0x0000000080000000, size: 2048 MB, Compressed Oops mode: 32-bit

CDS archive(s) not mapped
Compressed class space mapped at: 0x0000000100000000-0x0000000140000000, reserved size: 1073741824
Narrow klass base: 0x0000000000000000, Narrow klass shift: 3, Narrow klass range: 0x140000000

GC Precious Log:
 CardTable entry size: 512
 Card Set container configuration: InlinePtr #cards 5 size 8 Array Of Cards #cards 12 size 40 Howl #buckets 4 coarsen threshold 1843 Howl Bitmap #cards 512 size 80 coarsen threshold 460 Card regions per heap region 1 cards per card region 2048
 CPUs: 12 total, 12 available
 Memory: 7879M
 Large Page Support: Disabled
 NUMA Support: Disabled
 Compressed Oops: Enabled (32-bit)
 Heap Region Size: 1M
 Heap Min Capacity: 8M
 Heap Initial Capacity: 124M
 Heap Max Capacity: 2G
 Pre-touch: Disabled
 Parallel Workers: 10
 Concurrent Workers: 3
 Concurrent Refinement Workers: 10
 Periodic GC: Disabled

Heap:
 garbage-first heap   total 110592K, used 49532K [0x0000000080000000, 0x0000000100000000)
  region size 1024K, 5 young (5120K), 5 survivors (5120K)
 Metaspace       used 66645K, committed 68352K, reserved 1114112K
  class space    used 9062K, committed 9920K, reserved 1048576K

Heap Regions: E=young(eden), S=young(survivor), O=old, HS=humongous(starts), HC=humongous(continues), CS=collection set, F=free, TAMS=top-at-mark-start, PB=parsable bottom
|   0|0x0000000080000000, 0x0000000080100000, 0x0000000080100000|100%| O|  |TAMS 0x0000000080100000| PB 0x0000000080000000| Untracked 
|   1|0x0000000080100000, 0x0000000080200000, 0x0000000080200000|100%| O|  |TAMS 0x0000000080200000| PB 0x0000000080100000| Untracked 
|   2|0x0000000080200000, 0x0000000080300000, 0x0000000080300000|100%|HS|  |TAMS 0x0000000080300000| PB 0x0000000080200000| Complete 
|   3|0x0000000080300000, 0x0000000080400000, 0x0000000080400000|100%|HC|  |TAMS 0x0000000080400000| PB 0x0000000080300000| Complete 
|   4|0x0000000080400000, 0x0000000080500000, 0x0000000080500000|100%|HC|  |TAMS 0x0000000080500000| PB 0x0000000080400000| Complete 
|   5|0x0000000080500000, 0x0000000080600000, 0x0000000080600000|100%|HC|  |TAMS 0x0000000080600000| PB 0x0000000080500000| Complete 
|   6|0x0000000080600000, 0x0000000080700000, 0x0000000080700000|100%| O|  |TAMS 0x0000000080700000| PB 0x0000000080600000| Untracked 
|   7|0x0000000080700000, 0x0000000080800000, 0x0000000080800000|100%| O|  |TAMS 0x0000000080800000| PB 0x0000000080700000| Untracked 
|   8|0x0000000080800000, 0x0000000080900000, 0x0000000080900000|100%| O|  |TAMS 0x0000000080900000| PB 0x0000000080800000| Untracked 
|   9|0x0000000080900000, 0x0000000080a00000, 0x0000000080a00000|100%|HS|  |TAMS 0x0000000080a00000| PB 0x0000000080900000| Complete 
|  10|0x0000000080a00000, 0x0000000080b00000, 0x0000000080b00000|100%| O|  |TAMS 0x0000000080b00000| PB 0x0000000080a00000| Untracked 
|  11|0x0000000080b00000, 0x0000000080c00000, 0x0000000080c00000|100%| O|  |TAMS 0x0000000080c00000| PB 0x0000000080b00000| Untracked 
|  12|0x0000000080c00000, 0x0000000080d00000, 0x0000000080d00000|100%| O|  |TAMS 0x0000000080d00000| PB 0x0000000080c00000| Untracked 
|  13|0x0000000080d00000, 0x0000000080e00000, 0x0000000080e00000|100%| O|  |TAMS 0x0000000080e00000| PB 0x0000000080d00000| Untracked 
|  14|0x0000000080e00000, 0x0000000080f00000, 0x0000000080f00000|100%| O|  |TAMS 0x0000000080f00000| PB 0x0000000080e00000| Untracked 
|  15|0x0000000080f00000, 0x0000000081000000, 0x0000000081000000|100%| O|  |TAMS 0x0000000081000000| PB 0x0000000080f00000| Untracked 
|  16|0x0000000081000000, 0x0000000081100000, 0x0000000081100000|100%| O|  |TAMS 0x0000000081100000| PB 0x0000000081000000| Untracked 
|  17|0x0000000081100000, 0x0000000081200000, 0x0000000081200000|100%| O|  |TAMS 0x0000000081200000| PB 0x0000000081100000| Untracked 
|  18|0x0000000081200000, 0x0000000081300000, 0x0000000081300000|100%| O|  |TAMS 0x0000000081300000| PB 0x0000000081200000| Untracked 
|  19|0x0000000081300000, 0x0000000081400000, 0x0000000081400000|100%| O|  |TAMS 0x0000000081400000| PB 0x0000000081300000| Untracked 
|  20|0x0000000081400000, 0x0000000081500000, 0x0000000081500000|100%| O|  |TAMS 0x0000000081500000| PB 0x0000000081400000| Untracked 
|  21|0x0000000081500000, 0x0000000081600000, 0x0000000081600000|100%| O|  |TAMS 0x0000000081600000| PB 0x0000000081500000| Untracked 
|  22|0x0000000081600000, 0x0000000081700000, 0x0000000081700000|100%| O|  |TAMS 0x0000000081700000| PB 0x0000000081600000| Untracked 
|  23|0x0000000081700000, 0x0000000081800000, 0x0000000081800000|100%| O|  |TAMS 0x0000000081800000| PB 0x0000000081700000| Untracked 
|  24|0x0000000081800000, 0x0000000081900000, 0x0000000081900000|100%| O|  |TAMS 0x0000000081900000| PB 0x0000000081800000| Untracked 
|  25|0x0000000081900000, 0x0000000081a00000, 0x0000000081a00000|100%| O|  |TAMS 0x0000000081a00000| PB 0x0000000081900000| Untracked 
|  26|0x0000000081a00000, 0x0000000081b00000, 0x0000000081b00000|100%| O|  |TAMS 0x0000000081b00000| PB 0x0000000081a00000| Untracked 
|  27|0x0000000081b00000, 0x0000000081c00000, 0x0000000081c00000|100%| O|  |TAMS 0x0000000081c00000| PB 0x0000000081b00000| Untracked 
|  28|0x0000000081c00000, 0x0000000081d00000, 0x0000000081d00000|100%| O|  |TAMS 0x0000000081d00000| PB 0x0000000081c00000| Untracked 
|  29|0x0000000081d00000, 0x0000000081e00000, 0x0000000081e00000|100%| O|  |TAMS 0x0000000081e00000| PB 0x0000000081d00000| Untracked 
|  30|0x0000000081e00000, 0x0000000081f00000, 0x0000000081f00000|100%| O|  |TAMS 0x0000000081f00000| PB 0x0000000081e00000| Untracked 
|  31|0x0000000081f00000, 0x0000000082000000, 0x0000000082000000|100%| O|  |TAMS 0x0000000082000000| PB 0x0000000081f00000| Untracked 
|  32|0x0000000082000000, 0x0000000082100000, 0x0000000082100000|100%| O|  |TAMS 0x0000000082100000| PB 0x0000000082000000| Untracked 
|  33|0x0000000082100000, 0x00000000821ba9f0, 0x0000000082200000| 72%| O|  |TAMS 0x00000000821ba9f0| PB 0x0000000082100000| Untracked 
|  34|0x0000000082200000, 0x0000000082200000, 0x0000000082300000|  0%| F|  |TAMS 0x0000000082200000| PB 0x0000000082200000| Untracked 
|  35|0x0000000082300000, 0x0000000082300000, 0x0000000082400000|  0%| F|  |TAMS 0x0000000082300000| PB 0x0000000082300000| Untracked 
|  36|0x0000000082400000, 0x0000000082400000, 0x0000000082500000|  0%| F|  |TAMS 0x0000000082400000| PB 0x0000000082400000| Untracked 
|  37|0x0000000082500000, 0x0000000082500000, 0x0000000082600000|  0%| F|  |TAMS 0x0000000082500000| PB 0x0000000082500000| Untracked 
|  38|0x0000000082600000, 0x0000000082600000, 0x0000000082700000|  0%| F|  |TAMS 0x0000000082600000| PB 0x0000000082600000| Untracked 
|  39|0x0000000082700000, 0x0000000082700000, 0x0000000082800000|  0%| F|  |TAMS 0x0000000082700000| PB 0x0000000082700000| Untracked 
|  40|0x0000000082800000, 0x0000000082900000, 0x0000000082900000|100%| O|  |TAMS 0x0000000082900000| PB 0x0000000082800000| Untracked 
|  41|0x0000000082900000, 0x0000000082a00000, 0x0000000082a00000|100%| O|  |TAMS 0x0000000082a00000| PB 0x0000000082900000| Untracked 
|  42|0x0000000082a00000, 0x0000000082b00000, 0x0000000082b00000|100%| O|  |TAMS 0x0000000082b00000| PB 0x0000000082a00000| Untracked 
|  43|0x0000000082b00000, 0x0000000082c00000, 0x0000000082c00000|100%| O|  |TAMS 0x0000000082c00000| PB 0x0000000082b00000| Untracked 
|  44|0x0000000082c00000, 0x0000000082d00000, 0x0000000082d00000|100%| O|  |TAMS 0x0000000082d00000| PB 0x0000000082c00000| Untracked 
|  45|0x0000000082d00000, 0x0000000082d00000, 0x0000000082e00000|  0%| F|  |TAMS 0x0000000082d00000| PB 0x0000000082d00000| Untracked 
|  46|0x0000000082e00000, 0x0000000082e00000, 0x0000000082f00000|  0%| F|  |TAMS 0x0000000082e00000| PB 0x0000000082e00000| Untracked 
|  47|0x0000000082f00000, 0x0000000082fa4718, 0x0000000083000000| 64%| S|CS|TAMS 0x0000000082f00000| PB 0x0000000082f00000| Complete 
|  48|0x0000000083000000, 0x0000000083100000, 0x0000000083100000|100%| S|CS|TAMS 0x0000000083000000| PB 0x0000000083000000| Complete 
|  49|0x0000000083100000, 0x0000000083200000, 0x0000000083200000|100%| S|CS|TAMS 0x0000000083100000| PB 0x0000000083100000| Complete 
|  50|0x0000000083200000, 0x0000000083300000, 0x0000000083300000|100%| S|CS|TAMS 0x0000000083200000| PB 0x0000000083200000| Complete 
|  51|0x0000000083300000, 0x0000000083300000, 0x0000000083400000|  0%| F|  |TAMS 0x0000000083300000| PB 0x0000000083300000| Untracked 
|  52|0x0000000083400000, 0x0000000083400000, 0x0000000083500000|  0%| F|  |TAMS 0x0000000083400000| PB 0x0000000083400000| Untracked 
|  53|0x0000000083500000, 0x0000000083600000, 0x0000000083600000|100%| S|CS|TAMS 0x0000000083500000| PB 0x0000000083500000| Complete 
|  54|0x0000000083600000, 0x0000000083600000, 0x0000000083700000|  0%| F|  |TAMS 0x0000000083600000| PB 0x0000000083600000| Untracked 
|  55|0x0000000083700000, 0x0000000083700000, 0x0000000083800000|  0%| F|  |TAMS 0x0000000083700000| PB 0x0000000083700000| Untracked 
|  56|0x0000000083800000, 0x0000000083800000, 0x0000000083900000|  0%| F|  |TAMS 0x0000000083800000| PB 0x0000000083800000| Untracked 
|  57|0x0000000083900000, 0x0000000083900000, 0x0000000083a00000|  0%| F|  |TAMS 0x0000000083900000| PB 0x0000000083900000| Untracked 
|  58|0x0000000083a00000, 0x0000000083a00000, 0x0000000083b00000|  0%| F|  |TAMS 0x0000000083a00000| PB 0x0000000083a00000| Untracked 
|  59|0x0000000083b00000, 0x0000000083b00000, 0x0000000083c00000|  0%| F|  |TAMS 0x0000000083b00000| PB 0x0000000083b00000| Untracked 
|  60|0x0000000083c00000, 0x0000000083c00000, 0x0000000083d00000|  0%| F|  |TAMS 0x0000000083c00000| PB 0x0000000083c00000| Untracked 
|  61|0x0000000083d00000, 0x0000000083d00000, 0x0000000083e00000|  0%| F|  |TAMS 0x0000000083d00000| PB 0x0000000083d00000| Untracked 
|  62|0x0000000083e00000, 0x0000000083e00000, 0x0000000083f00000|  0%| F|  |TAMS 0x0000000083e00000| PB 0x0000000083e00000| Untracked 
|  63|0x0000000083f00000, 0x0000000083f00000, 0x0000000084000000|  0%| F|  |TAMS 0x0000000083f00000| PB 0x0000000083f00000| Untracked 
|  64|0x0000000084000000, 0x0000000084000000, 0x0000000084100000|  0%| F|  |TAMS 0x0000000084000000| PB 0x0000000084000000| Untracked 
|  65|0x0000000084100000, 0x0000000084100000, 0x0000000084200000|  0%| F|  |TAMS 0x0000000084100000| PB 0x0000000084100000| Untracked 
|  66|0x0000000084200000, 0x0000000084200000, 0x0000000084300000|  0%| F|  |TAMS 0x0000000084200000| PB 0x0000000084200000| Untracked 
|  67|0x0000000084300000, 0x0000000084300000, 0x0000000084400000|  0%| F|  |TAMS 0x0000000084300000| PB 0x0000000084300000| Untracked 
|  68|0x0000000084400000, 0x0000000084400000, 0x0000000084500000|  0%| F|  |TAMS 0x0000000084400000| PB 0x0000000084400000| Untracked 
|  69|0x0000000084500000, 0x0000000084500000, 0x0000000084600000|  0%| F|  |TAMS 0x0000000084500000| PB 0x0000000084500000| Untracked 
|  70|0x0000000084600000, 0x0000000084600000, 0x0000000084700000|  0%| F|  |TAMS 0x0000000084600000| PB 0x0000000084600000| Untracked 
|  71|0x0000000084700000, 0x0000000084700000, 0x0000000084800000|  0%| F|  |TAMS 0x0000000084700000| PB 0x0000000084700000| Untracked 
|  72|0x0000000084800000, 0x0000000084800000, 0x0000000084900000|  0%| F|  |TAMS 0x0000000084800000| PB 0x0000000084800000| Untracked 
|  73|0x0000000084900000, 0x0000000084900000, 0x0000000084a00000|  0%| F|  |TAMS 0x0000000084900000| PB 0x0000000084900000| Untracked 
|  74|0x0000000084a00000, 0x0000000084a00000, 0x0000000084b00000|  0%| F|  |TAMS 0x0000000084a00000| PB 0x0000000084a00000| Untracked 
|  75|0x0000000084b00000, 0x0000000084b00000, 0x0000000084c00000|  0%| F|  |TAMS 0x0000000084b00000| PB 0x0000000084b00000| Untracked 
|  76|0x0000000084c00000, 0x0000000084c00000, 0x0000000084d00000|  0%| F|  |TAMS 0x0000000084c00000| PB 0x0000000084c00000| Untracked 
|  77|0x0000000084d00000, 0x0000000084d00000, 0x0000000084e00000|  0%| F|  |TAMS 0x0000000084d00000| PB 0x0000000084d00000| Untracked 
|  78|0x0000000084e00000, 0x0000000084e00000, 0x0000000084f00000|  0%| F|  |TAMS 0x0000000084e00000| PB 0x0000000084e00000| Untracked 
|  79|0x0000000084f00000, 0x0000000084f00000, 0x0000000085000000|  0%| F|  |TAMS 0x0000000084f00000| PB 0x0000000084f00000| Untracked 
|  80|0x0000000085000000, 0x0000000085000000, 0x0000000085100000|  0%| F|  |TAMS 0x0000000085000000| PB 0x0000000085000000| Untracked 
|  81|0x0000000085100000, 0x0000000085100000, 0x0000000085200000|  0%| F|  |TAMS 0x0000000085100000| PB 0x0000000085100000| Untracked 
|  82|0x0000000085200000, 0x0000000085200000, 0x0000000085300000|  0%| F|  |TAMS 0x0000000085200000| PB 0x0000000085200000| Untracked 
|  83|0x0000000085300000, 0x0000000085300000, 0x0000000085400000|  0%| F|  |TAMS 0x0000000085300000| PB 0x0000000085300000| Untracked 
|  84|0x0000000085400000, 0x0000000085400000, 0x0000000085500000|  0%| F|  |TAMS 0x0000000085400000| PB 0x0000000085400000| Untracked 
|  85|0x0000000085500000, 0x0000000085500000, 0x0000000085600000|  0%| F|  |TAMS 0x0000000085500000| PB 0x0000000085500000| Untracked 
|  86|0x0000000085600000, 0x0000000085600000, 0x0000000085700000|  0%| F|  |TAMS 0x0000000085600000| PB 0x0000000085600000| Untracked 
|  87|0x0000000085700000, 0x0000000085700000, 0x0000000085800000|  0%| F|  |TAMS 0x0000000085700000| PB 0x0000000085700000| Untracked 
|  88|0x0000000085800000, 0x0000000085800000, 0x0000000085900000|  0%| F|  |TAMS 0x0000000085800000| PB 0x0000000085800000| Untracked 
|  89|0x0000000085900000, 0x0000000085900000, 0x0000000085a00000|  0%| F|  |TAMS 0x0000000085900000| PB 0x0000000085900000| Untracked 
|  90|0x0000000085a00000, 0x0000000085a00000, 0x0000000085b00000|  0%| F|  |TAMS 0x0000000085a00000| PB 0x0000000085a00000| Untracked 
|  91|0x0000000085b00000, 0x0000000085b00000, 0x0000000085c00000|  0%| F|  |TAMS 0x0000000085b00000| PB 0x0000000085b00000| Untracked 
|  92|0x0000000085c00000, 0x0000000085c00000, 0x0000000085d00000|  0%| F|  |TAMS 0x0000000085c00000| PB 0x0000000085c00000| Untracked 
|  93|0x0000000085d00000, 0x0000000085d00000, 0x0000000085e00000|  0%| F|  |TAMS 0x0000000085d00000| PB 0x0000000085d00000| Untracked 
|  94|0x0000000085e00000, 0x0000000085e00000, 0x0000000085f00000|  0%| F|  |TAMS 0x0000000085e00000| PB 0x0000000085e00000| Untracked 
|  95|0x0000000085f00000, 0x0000000085f00000, 0x0000000086000000|  0%| F|  |TAMS 0x0000000085f00000| PB 0x0000000085f00000| Untracked 
|  96|0x0000000086000000, 0x0000000086000000, 0x0000000086100000|  0%| F|  |TAMS 0x0000000086000000| PB 0x0000000086000000| Untracked 
|  97|0x0000000086100000, 0x0000000086100000, 0x0000000086200000|  0%| F|  |TAMS 0x0000000086100000| PB 0x0000000086100000| Untracked 
|  98|0x0000000086200000, 0x0000000086200000, 0x0000000086300000|  0%| F|  |TAMS 0x0000000086200000| PB 0x0000000086200000| Untracked 
|  99|0x0000000086300000, 0x0000000086300000, 0x0000000086400000|  0%| F|  |TAMS 0x0000000086300000| PB 0x0000000086300000| Untracked 
| 100|0x0000000086400000, 0x0000000086400000, 0x0000000086500000|  0%| F|  |TAMS 0x0000000086400000| PB 0x0000000086400000| Untracked 
| 101|0x0000000086500000, 0x0000000086500000, 0x0000000086600000|  0%| F|  |TAMS 0x0000000086500000| PB 0x0000000086500000| Untracked 
| 123|0x0000000087b00000, 0x0000000087b00000, 0x0000000087c00000|  0%| F|  |TAMS 0x0000000087b00000| PB 0x0000000087b00000| Untracked 
|2043|0x00000000ffb00000, 0x00000000ffc00000, 0x00000000ffc00000|100%| O|  |TAMS 0x00000000ffc00000| PB 0x00000000ffb00000| Untracked 
|2044|0x00000000ffc00000, 0x00000000ffd00000, 0x00000000ffd00000|100%| O|  |TAMS 0x00000000ffd00000| PB 0x00000000ffc00000| Untracked 
|2045|0x00000000ffd00000, 0x00000000ffe00000, 0x00000000ffe00000|100%| O|  |TAMS 0x00000000ffe00000| PB 0x00000000ffd00000| Untracked 
|2046|0x00000000ffe00000, 0x00000000fff00000, 0x00000000fff00000|100%| O|  |TAMS 0x00000000fff00000| PB 0x00000000ffe00000| Untracked 
|2047|0x00000000fff00000, 0x0000000100000000, 0x0000000100000000|100%| O|  |TAMS 0x0000000100000000| PB 0x00000000fff00000| Untracked 

Card table byte_map: [0x000001f8faba0000,0x000001f8fafa0000] _byte_map_base: 0x000001f8fa7a0000

Marking Bits: (CMBitMap*) 0x000001f8e8272af0
 Bits: [0x000001f8fafa0000, 0x000001f8fcfa0000)

Polling page: 0x000001f8e6080000

Metaspace:

Usage:
  Non-class:     56.23 MB used.
      Class:      8.85 MB used.
       Both:     65.08 MB used.

Virtual space:
  Non-class space:       64.00 MB reserved,      57.06 MB ( 89%) committed,  1 nodes.
      Class space:        1.00 GB reserved,       9.69 MB ( <1%) committed,  1 nodes.
             Both:        1.06 GB reserved,      66.75 MB (  6%) committed. 

Chunk freelists:
   Non-Class:  6.98 MB
       Class:  6.29 MB
        Both:  13.28 MB

MaxMetaspaceSize: unlimited
CompressedClassSpaceSize: 1.00 GB
Initial GC threshold: 21.00 MB
Current GC threshold: 99.00 MB
CDS: off
 - commit_granule_bytes: 65536.
 - commit_granule_words: 8192.
 - virtual_space_node_default_size: 8388608.
 - enlarge_chunks_in_place: 1.
 - use_allocation_guard: 0.


Internal statistics:

num_allocs_failed_limit: 12.
num_arena_births: 3100.
num_arena_deaths: 0.
num_vsnodes_births: 2.
num_vsnodes_deaths: 0.
num_space_committed: 1068.
num_space_uncommitted: 0.
num_chunks_returned_to_freelist: 12.
num_chunks_taken_from_freelist: 5843.
num_chunk_merges: 12.
num_chunk_splits: 3777.
num_chunks_enlarged: 2296.
num_inconsistent_stats: 0.

CodeHeap 'non-profiled nmethods': size=120000Kb used=4378Kb max_used=4378Kb free=115621Kb
 bounds [0x000001f8f2e30000, 0x000001f8f3280000, 0x000001f8fa360000]
CodeHeap 'profiled nmethods': size=120000Kb used=13764Kb max_used=13764Kb free=106236Kb
 bounds [0x000001f8eb360000, 0x000001f8ec0e0000, 0x000001f8f2890000]
CodeHeap 'non-nmethods': size=5760Kb used=1982Kb max_used=2045Kb free=3777Kb
 bounds [0x000001f8f2890000, 0x000001f8f2b00000, 0x000001f8f2e30000]
 total_blobs=8223 nmethods=7469 adapters=657
 compilation: enabled
              stopped_count=0, restarted_count=0
 full_count=0

Compilation events (20 events):
Event: 12.860 Thread 0x000001f88408c780 nmethod 8050 0x000001f8ec0cbe10 code [0x000001f8ec0cbfc0, 0x000001f8ec0cc118]
Event: 12.861 Thread 0x000001f88408bbb0 nmethod 8013 0x000001f8f3273c90 code [0x000001f8f3273f80, 0x000001f8f32751c8]
Event: 12.861 Thread 0x000001f88408c780 8051       3       org.gradle.api.internal.artifacts.transform.TransformStep::lambda$createInvocation$0 (10 bytes)
Event: 12.861 Thread 0x000001f88408bbb0 8052       4       java.lang.Math::multiplyExact (74 bytes)
Event: 12.861 Thread 0x000001f88408c780 nmethod 8051 0x000001f8ec0cc210 code [0x000001f8ec0cc3c0, 0x000001f8ec0cc4f8]
Event: 12.861 Thread 0x000001f88408c780 8053   !   3       sun.nio.ch.FileChannelImpl::size (261 bytes)
Event: 12.862 Thread 0x000001f88408bbb0 nmethod 8052 0x000001f8f3276790 code [0x000001f8f3276920, 0x000001f8f3276a78]
Event: 12.862 Thread 0x000001f88408bbb0 8054       4       org.gradle.tooling.internal.provider.runner.ClientBuildEventGenerator::started (168 bytes)
Event: 12.863 Thread 0x000001f88408c780 nmethod 8053 0x000001f8ec0cc590 code [0x000001f8ec0cc8a0, 0x000001f8ec0cd8e0]
Event: 12.863 Thread 0x000001f88408c780 8056       3       org.gradle.internal.execution.steps.WorkspaceResult$$Lambda/0x00000001006d9738::apply (9 bytes)
Event: 12.864 Thread 0x000001f88408c780 nmethod 8056 0x000001f8ec0ce210 code [0x000001f8ec0ce3e0, 0x000001f8ec0ce708]
Event: 12.865 Thread 0x000001f88408c780 8058       3       com.google.common.collect.Maps::equalsImpl (39 bytes)
Event: 12.865 Thread 0x000001f88408c780 nmethod 8058 0x000001f8ec0ce890 code [0x000001f8ec0cea80, 0x000001f8ec0cf088]
Event: 12.865 Thread 0x000001f88408c780 8059       3       org.gradle.internal.execution.steps.AfterExecutionResult::<init> (17 bytes)
Event: 12.866 Thread 0x000001f88408c780 nmethod 8059 0x000001f8ec0cf210 code [0x000001f8ec0cf420, 0x000001f8ec0cfd80]
Event: 12.866 Thread 0x000001f88408c780 8061       3       sun.nio.fs.WindowsSecurityDescriptor::release (75 bytes)
Event: 12.867 Thread 0x000001f88408c780 nmethod 8061 0x000001f8ec0d0090 code [0x000001f8ec0d02c0, 0x000001f8ec0d09e0]
Event: 12.867 Thread 0x000001f88408c780 8063       3       java.io.InputStreamReader::close (8 bytes)
Event: 12.867 Thread 0x000001f88408c780 nmethod 8063 0x000001f8ec0d0c10 code [0x000001f8ec0d0dc0, 0x000001f8ec0d0f08]
Event: 12.867 Thread 0x000001f88408c780 8060       3       org.gradle.internal.execution.steps.UpToDateResult::<init> (29 bytes)

GC Heap History (20 events):
Event: 5.238 GC heap after
{Heap after GC invocations=6 (full 0):
 garbage-first heap   total 88064K, used 24776K [0x0000000080000000, 0x0000000100000000)
  region size 1024K, 7 young (7168K), 7 survivors (7168K)
 Metaspace       used 29939K, committed 30592K, reserved 1114112K
  class space    used 3835K, committed 4160K, reserved 1048576K
}
Event: 6.191 GC heap before
{Heap before GC invocations=6 (full 0):
 garbage-first heap   total 88064K, used 61640K [0x0000000080000000, 0x0000000100000000)
  region size 1024K, 44 young (45056K), 7 survivors (7168K)
 Metaspace       used 35123K, committed 35968K, reserved 1114112K
  class space    used 4704K, committed 5120K, reserved 1048576K
}
Event: 6.199 GC heap after
{Heap after GC invocations=7 (full 0):
 garbage-first heap   total 88064K, used 26775K [0x0000000080000000, 0x0000000100000000)
  region size 1024K, 6 young (6144K), 6 survivors (6144K)
 Metaspace       used 35123K, committed 35968K, reserved 1114112K
  class space    used 4704K, committed 5120K, reserved 1048576K
}
Event: 6.258 GC heap before
{Heap before GC invocations=7 (full 0):
 garbage-first heap   total 88064K, used 28823K [0x0000000080000000, 0x0000000100000000)
  region size 1024K, 9 young (9216K), 6 survivors (6144K)
 Metaspace       used 35448K, committed 36288K, reserved 1114112K
  class space    used 4761K, committed 5184K, reserved 1048576K
}
Event: 6.262 GC heap after
{Heap after GC invocations=8 (full 0):
 garbage-first heap   total 88064K, used 27058K [0x0000000080000000, 0x0000000100000000)
  region size 1024K, 3 young (3072K), 3 survivors (3072K)
 Metaspace       used 35448K, committed 36288K, reserved 1114112K
  class space    used 4761K, committed 5184K, reserved 1048576K
}
Event: 7.414 GC heap before
{Heap before GC invocations=9 (full 0):
 garbage-first heap   total 88064K, used 72114K [0x0000000080000000, 0x0000000100000000)
  region size 1024K, 47 young (48128K), 3 survivors (3072K)
 Metaspace       used 43107K, committed 44288K, reserved 1114112K
  class space    used 5821K, committed 6400K, reserved 1048576K
}
Event: 7.419 GC heap after
{Heap after GC invocations=10 (full 0):
 garbage-first heap   total 106496K, used 30144K [0x0000000080000000, 0x0000000100000000)
  region size 1024K, 6 young (6144K), 6 survivors (6144K)
 Metaspace       used 43107K, committed 44288K, reserved 1114112K
  class space    used 5821K, committed 6400K, reserved 1048576K
}
Event: 8.106 GC heap before
{Heap before GC invocations=10 (full 0):
 garbage-first heap   total 106496K, used 86464K [0x0000000080000000, 0x0000000100000000)
  region size 1024K, 62 young (63488K), 6 survivors (6144K)
 Metaspace       used 46579K, committed 47936K, reserved 1114112K
  class space    used 6232K, committed 6912K, reserved 1048576K
}
Event: 8.114 GC heap after
{Heap after GC invocations=11 (full 0):
 garbage-first heap   total 106496K, used 33995K [0x0000000080000000, 0x0000000100000000)
  region size 1024K, 8 young (8192K), 8 survivors (8192K)
 Metaspace       used 46579K, committed 47936K, reserved 1114112K
  class space    used 6232K, committed 6912K, reserved 1048576K
}
Event: 9.539 GC heap before
{Heap before GC invocations=11 (full 0):
 garbage-first heap   total 106496K, used 91339K [0x0000000080000000, 0x0000000100000000)
  region size 1024K, 62 young (63488K), 8 survivors (8192K)
 Metaspace       used 54483K, committed 55936K, reserved 1114112K
  class space    used 7347K, committed 8064K, reserved 1048576K
}
Event: 9.546 GC heap after
{Heap after GC invocations=12 (full 0):
 garbage-first heap   total 106496K, used 36815K [0x0000000080000000, 0x0000000100000000)
  region size 1024K, 7 young (7168K), 7 survivors (7168K)
 Metaspace       used 54483K, committed 55936K, reserved 1114112K
  class space    used 7347K, committed 8064K, reserved 1048576K
}
Event: 10.311 GC heap before
{Heap before GC invocations=12 (full 0):
 garbage-first heap   total 106496K, used 67535K [0x0000000080000000, 0x0000000100000000)
  region size 1024K, 38 young (38912K), 7 survivors (7168K)
 Metaspace       used 59121K, committed 60608K, reserved 1114112K
  class space    used 8005K, committed 8768K, reserved 1048576K
}
Event: 10.318 GC heap after
{Heap after GC invocations=13 (full 0):
 garbage-first heap   total 106496K, used 38408K [0x0000000080000000, 0x0000000100000000)
  region size 1024K, 6 young (6144K), 6 survivors (6144K)
 Metaspace       used 59121K, committed 60608K, reserved 1114112K
  class space    used 8005K, committed 8768K, reserved 1048576K
}
Event: 11.799 GC heap before
{Heap before GC invocations=14 (full 0):
 garbage-first heap   total 106496K, used 92680K [0x0000000080000000, 0x0000000100000000)
  region size 1024K, 59 young (60416K), 6 survivors (6144K)
 Metaspace       used 65140K, committed 66816K, reserved 1114112K
  class space    used 8931K, committed 9792K, reserved 1048576K
}
Event: 11.808 GC heap after
{Heap after GC invocations=15 (full 0):
 garbage-first heap   total 106496K, used 43795K [0x0000000080000000, 0x0000000100000000)
  region size 1024K, 7 young (7168K), 7 survivors (7168K)
 Metaspace       used 65140K, committed 66816K, reserved 1114112K
  class space    used 8931K, committed 9792K, reserved 1048576K
}
Event: 12.335 GC heap before
{Heap before GC invocations=15 (full 0):
 garbage-first heap   total 106496K, used 91923K [0x0000000080000000, 0x0000000100000000)
  region size 1024K, 55 young (56320K), 7 survivors (7168K)
 Metaspace       used 66271K, committed 67968K, reserved 1114112K
  class space    used 9061K, committed 9920K, reserved 1048576K
}
Event: 12.343 GC heap after
{Heap after GC invocations=16 (full 0):
 garbage-first heap   total 106496K, used 47106K [0x0000000080000000, 0x0000000100000000)
  region size 1024K, 5 young (5120K), 5 survivors (5120K)
 Metaspace       used 66271K, committed 67968K, reserved 1114112K
  class space    used 9061K, committed 9920K, reserved 1048576K
}
Event: 12.593 GC heap before
{Heap before GC invocations=16 (full 0):
 garbage-first heap   total 106496K, used 93186K [0x0000000080000000, 0x0000000100000000)
  region size 1024K, 51 young (52224K), 5 survivors (5120K)
 Metaspace       used 66554K, committed 68288K, reserved 1114112K
  class space    used 9061K, committed 9920K, reserved 1048576K
}
Event: 12.597 GC heap after
{Heap after GC invocations=17 (full 0):
 garbage-first heap   total 106496K, used 48682K [0x0000000080000000, 0x0000000100000000)
  region size 1024K, 4 young (4096K), 4 survivors (4096K)
 Metaspace       used 66554K, committed 68288K, reserved 1114112K
  class space    used 9061K, committed 9920K, reserved 1048576K
}
Event: 12.868 GC heap before
{Heap before GC invocations=17 (full 0):
 garbage-first heap   total 106496K, used 93738K [0x0000000080000000, 0x0000000100000000)
  region size 1024K, 49 young (50176K), 4 survivors (4096K)
 Metaspace       used 66645K, committed 68352K, reserved 1114112K
  class space    used 9062K, committed 9920K, reserved 1048576K
}

Dll operation events (3 events):
Event: 0.013 Loaded shared library C:\Program Files\Android\Android Studio\jbr\bin\java.dll
Event: 0.019 Loaded shared library C:\Program Files\Android\Android Studio\jbr\bin\zip.dll
Event: 0.665 Loaded shared library C:\Program Files\Android\Android Studio\jbr\bin\verify.dll

Deoptimization events (20 events):
Event: 12.711 Thread 0x000001f886174f40 Uncommon trap: trap_request=0xffffffd6 fr.pc=0x000001f8f3243db0 relative=0x0000000000000350
Event: 12.711 Thread 0x000001f886174f40 Uncommon trap: reason=array_check action=maybe_recompile pc=0x000001f8f3243db0 method=com.google.common.collect.ImmutableMap$Builder.put(Ljava/lang/Object;Ljava/lang/Object;)Lcom/google/common/collect/ImmutableMap$Builder; @ 32 c2
Event: 12.711 Thread 0x000001f886174f40 DEOPT PACKING pc=0x000001f8f3243db0 sp=0x00000019d44fd2b0
Event: 12.711 Thread 0x000001f886174f40 DEOPT UNPACKING pc=0x000001f8f28e46a2 sp=0x00000019d44fd260 mode 2
Event: 12.711 Thread 0x000001f886174f40 Uncommon trap: trap_request=0xffffffd6 fr.pc=0x000001f8f3243db0 relative=0x0000000000000350
Event: 12.711 Thread 0x000001f886174f40 Uncommon trap: reason=array_check action=maybe_recompile pc=0x000001f8f3243db0 method=com.google.common.collect.ImmutableMap$Builder.put(Ljava/lang/Object;Ljava/lang/Object;)Lcom/google/common/collect/ImmutableMap$Builder; @ 32 c2
Event: 12.711 Thread 0x000001f886174f40 DEOPT PACKING pc=0x000001f8f3243db0 sp=0x00000019d44fd0d0
Event: 12.711 Thread 0x000001f886174f40 DEOPT UNPACKING pc=0x000001f8f28e46a2 sp=0x00000019d44fd080 mode 2
Event: 12.711 Thread 0x000001f886174f40 Uncommon trap: trap_request=0xffffffd6 fr.pc=0x000001f8f3243db0 relative=0x0000000000000350
Event: 12.711 Thread 0x000001f886174f40 Uncommon trap: reason=array_check action=maybe_recompile pc=0x000001f8f3243db0 method=com.google.common.collect.ImmutableMap$Builder.put(Ljava/lang/Object;Ljava/lang/Object;)Lcom/google/common/collect/ImmutableMap$Builder; @ 32 c2
Event: 12.711 Thread 0x000001f886174f40 DEOPT PACKING pc=0x000001f8f3243db0 sp=0x00000019d44fd0d0
Event: 12.711 Thread 0x000001f886174f40 DEOPT UNPACKING pc=0x000001f8f28e46a2 sp=0x00000019d44fd080 mode 2
Event: 12.713 Thread 0x000001f887a5a930 Uncommon trap: trap_request=0xfffffff4 fr.pc=0x000001f8f32444b8 relative=0x0000000000000118
Event: 12.713 Thread 0x000001f887a5a930 Uncommon trap: reason=null_check action=make_not_entrant pc=0x000001f8f32444b8 method=org.gradle.tooling.internal.provider.runner.ClientBuildEventGenerator$Enabled.accept(Lorg/gradle/internal/operations/BuildOperationDescriptor;)Lorg/gradle/tooling/intern
Event: 12.713 Thread 0x000001f887a5a930 DEOPT PACKING pc=0x000001f8f32444b8 sp=0x00000019d3dfe7b0
Event: 12.713 Thread 0x000001f887a5a930 DEOPT UNPACKING pc=0x000001f8f28e46a2 sp=0x00000019d3dfe738 mode 2
Event: 12.867 Thread 0x000001f887a5a930 Uncommon trap: trap_request=0xffffff45 fr.pc=0x000001f8f32406fc relative=0x0000000000000f5c
Event: 12.867 Thread 0x000001f887a5a930 Uncommon trap: reason=unstable_if action=reinterpret pc=0x000001f8f32406fc method=java.util.concurrent.ConcurrentHashMap.putVal(Ljava/lang/Object;Ljava/lang/Object;Z)Ljava/lang/Object; @ 112 c2
Event: 12.867 Thread 0x000001f887a5a930 DEOPT PACKING pc=0x000001f8f32406fc sp=0x00000019d3dfe260
Event: 12.867 Thread 0x000001f887a5a930 DEOPT UNPACKING pc=0x000001f8f28e46a2 sp=0x00000019d3dfe1f0 mode 2

Classes loaded (20 events):
Event: 11.304 Loading class jdk/internal/access/JavaObjectInputFilterAccess
Event: 11.304 Loading class jdk/internal/access/JavaObjectInputFilterAccess done
Event: 11.304 Loading class java/lang/System$Logger$Level
Event: 11.304 Loading class java/lang/System$Logger$Level done
Event: 11.304 Loading class jdk/internal/event/DeserializationEvent
Event: 11.304 Loading class jdk/internal/event/DeserializationEvent done
Event: 11.305 Loading class java/io/ObjectInputStream$FieldValues
Event: 11.305 Loading class java/io/ObjectInputStream$GetField
Event: 11.305 Loading class java/io/ObjectInputStream$GetField done
Event: 11.305 Loading class java/io/ObjectInputStream$FieldValues done
Event: 11.309 Loading class sun/reflect/ReflectionFactory
Event: 11.309 Loading class sun/reflect/ReflectionFactory done
Event: 11.309 Loading class sun/reflect/ReflectionFactory$1
Event: 11.309 Loading class sun/reflect/ReflectionFactory$1 done
Event: 11.726 Loading class java/util/Collections$ReverseComparator
Event: 11.727 Loading class java/util/Collections$ReverseComparator done
Event: 11.727 Loading class java/util/Collections$ReverseComparator2
Event: 11.727 Loading class java/util/Collections$ReverseComparator2 done
Event: 12.588 Loading class java/lang/foreign/MemorySegment
Event: 12.592 Loading class java/lang/foreign/MemorySegment done

Classes unloaded (0 events):
No events

Classes redefined (0 events):
No events

Internal exceptions (20 events):
Event: 11.029 Thread 0x000001f885eaeb80 Exception <a 'java/lang/NoSuchMethodError'{0x0000000084b8e668}: 'java.lang.Object java.lang.invoke.DirectMethodHandle$Holder.invokeInterface(java.lang.Object, java.lang.Object, int)'> (0x0000000084b8e668) 
thrown [s\src\hotspot\share\interpreter\linkResolver.cpp, line 784]
Event: 11.124 Thread 0x000001f885eaeb80 Exception <a 'java/lang/NoSuchMethodError'{0x00000000846090e0}: 'java.lang.Object java.lang.invoke.DirectMethodHandle$Holder.invokeVirtual(java.lang.Object, java.lang.Object, java.lang.Object, java.lang.Object, java.lang.Object, java.lang.Object, java.lang.Object, java.lang.Object, java.lang.Object, java.lang.Object, java.lang.Object, java.lang.Object, java.lang.Object, java.lang.Object, java.lang.Object, java.lang.Object, java.lang.Object)'> (0x00000000846090e0) 
thrown [s\src\hotspot\share\interpreter\li
Event: 11.124 Thread 0x000001f885eaeb80 Exception <a 'java/lang/NoSuchMethodError'{0x000000008460efb0}: 'java.lang.Object java.lang.invoke.DirectMethodHandle$Holder.invokeSpecial(java.lang.Object, java.lang.Object, java.lang.Object, java.lang.Object, java.lang.Object, java.lang.Object, java.lang.Object, java.lang.Object, java.lang.Object, java.lang.Object, java.lang.Object, java.lang.Object, java.lang.Object, java.lang.Object, java.lang.Object, java.lang.Object, java.lang.Object, java.lang.Object)'> (0x000000008460efb0) 
thrown [s\src\hotspot\sh
Event: 11.125 Thread 0x000001f885eaeb80 Exception <a 'java/lang/NoSuchMethodError'{0x0000000084614508}: 'java.lang.Object java.lang.invoke.DelegatingMethodHandle$Holder.reinvoke_L(java.lang.Object, java.lang.Object, java.lang.Object, java.lang.Object, java.lang.Object, java.lang.Object, java.lang.Object, java.lang.Object, java.lang.Object, java.lang.Object, java.lang.Object, java.lang.Object, java.lang.Object, java.lang.Object, java.lang.Object, java.lang.Object, java.lang.Object)'> (0x0000000084614508) 
thrown [s\src\hotspot\share\interpreter\l
Event: 11.139 Thread 0x000001f885eaeb80 Exception <a 'java/lang/NoSuchMethodError'{0x00000000846c9780}: 'void java.lang.invoke.DirectMethodHandle$Holder.invokeStatic(java.lang.Object, java.lang.Object, java.lang.Object, java.lang.Object, java.lang.Object, java.lang.Object)'> (0x00000000846c9780) 
thrown [s\src\hotspot\share\interpreter\linkResolver.cpp, line 784]
Event: 11.285 Thread 0x000001f885eaeb80 Exception <a 'java/lang/NoSuchMethodError'{0x0000000083c1e918}: static Lorg/gradle/api/internal/catalog/DefaultVersionCatalog;.<clinit>()V> (0x0000000083c1e918) 
thrown [s\src\hotspot\share\prims\jni.cpp, line 1135]
Event: 11.289 Thread 0x000001f885eaeb80 Exception <a 'java/lang/NoSuchMethodError'{0x0000000083c6f678}: static [Ljava/lang/Object;.<clinit>()V> (0x0000000083c6f678) 
thrown [s\src\hotspot\share\prims\jni.cpp, line 1135]
Event: 11.291 Thread 0x000001f885eaeb80 Exception <a 'java/lang/NoSuchMethodError'{0x0000000083c96cf0}: static Lorg/gradle/api/internal/catalog/DependencyModel;.<clinit>()V> (0x0000000083c96cf0) 
thrown [s\src\hotspot\share\prims\jni.cpp, line 1135]
Event: 11.291 Thread 0x000001f885eaeb80 Exception <a 'java/lang/NoSuchMethodError'{0x0000000083c9a9d8}: static Lorg/gradle/api/internal/catalog/AbstractContextAwareModel;.<clinit>()V> (0x0000000083c9a9d8) 
thrown [s\src\hotspot\share\prims\jni.cpp, line 1135]
Event: 11.292 Thread 0x000001f885eaeb80 Exception <a 'java/lang/NoSuchMethodError'{0x0000000083cb4138}: static Lorg/gradle/api/internal/artifacts/dependencies/AbstractVersionConstraint;.<clinit>()V> (0x0000000083cb4138) 
thrown [s\src\hotspot\share\prims\jni.cpp, line 1135]
Event: 11.295 Thread 0x000001f885eaeb80 Exception <a 'java/lang/NoSuchMethodError'{0x0000000083b13b90}: static Lorg/gradle/api/internal/catalog/PluginModel;.<clinit>()V> (0x0000000083b13b90) 
thrown [s\src\hotspot\share\prims\jni.cpp, line 1135]
Event: 11.296 Thread 0x000001f885eaeb80 Exception <a 'java/lang/NoSuchMethodError'{0x0000000083b2aea8}: static Lorg/gradle/api/internal/catalog/VersionModel;.<clinit>()V> (0x0000000083b2aea8) 
thrown [s\src\hotspot\share\prims\jni.cpp, line 1135]
Event: 11.299 Thread 0x000001f885eaeb80 Exception <a 'java/lang/NoSuchMethodError'{0x0000000083b4c2b0}: 'void java.lang.invoke.DirectMethodHandle$Holder.invokeSpecial(java.lang.Object, java.lang.Object, java.lang.Object, int)'> (0x0000000083b4c2b0) 
thrown [s\src\hotspot\share\interpreter\linkResolver.cpp, line 784]
Event: 11.387 Thread 0x000001f885eaeb80 Exception <a 'java/lang/NoSuchMethodError'{0x000000008374a490}: 'int java.lang.invoke.DirectMethodHandle$Holder.invokeSpecialIFC(java.lang.Object, java.lang.Object, java.lang.Object)'> (0x000000008374a490) 
thrown [s\src\hotspot\share\interpreter\linkResolver.cpp, line 784]
Event: 11.434 Thread 0x000001f885eaeb80 Exception <a 'java/lang/NoSuchMethodError'{0x00000000834d4658}: 'java.lang.Object java.lang.invoke.DirectMethodHandle$Holder.invokeSpecial(java.lang.Object, java.lang.Object, java.lang.Object, java.lang.Object, java.lang.Object, long)'> (0x00000000834d4658) 
thrown [s\src\hotspot\share\interpreter\linkResolver.cpp, line 784]
Event: 11.435 Thread 0x000001f885eaeb80 Exception <a 'java/lang/NoSuchMethodError'{0x00000000834f3f28}: 'void java.lang.invoke.DirectMethodHandle$Holder.invokeStatic(java.lang.Object, java.lang.Object, java.lang.Object, int, java.lang.Object)'> (0x00000000834f3f28) 
thrown [s\src\hotspot\share\interpreter\linkResolver.cpp, line 784]
Event: 11.935 Thread 0x000001f885eaeb80 Exception <a 'java/lang/NoSuchMethodError'{0x0000000085e04a50}: 'java.lang.Object java.lang.invoke.DirectMethodHandle$Holder.newInvokeSpecial(java.lang.Object, java.lang.Object, java.lang.Object, java.lang.Object, int, java.lang.Object)'> (0x0000000085e04a50) 
thrown [s\src\hotspot\share\interpreter\linkResolver.cpp, line 784]
Event: 11.936 Thread 0x000001f885eaeb80 Exception <a 'java/lang/NoSuchMethodError'{0x0000000085e0d300}: 'java.lang.Object java.lang.invoke.Invokers$Holder.linkToTargetMethod(java.lang.Object, java.lang.Object, java.lang.Object, int, java.lang.Object, java.lang.Object)'> (0x0000000085e0d300) 
thrown [s\src\hotspot\share\interpreter\linkResolver.cpp, line 784]
Event: 12.311 Thread 0x000001f885eaeb80 Exception <a 'java/lang/NoSuchMethodError'{0x0000000083659300}: 'java.lang.Object java.lang.invoke.DirectMethodHandle$Holder.invokeSpecialIFC(java.lang.Object, java.lang.Object, java.lang.Object)'> (0x0000000083659300) 
thrown [s\src\hotspot\share\interpreter\linkResolver.cpp, line 784]
Event: 12.713 Thread 0x000001f887a5a930 Implicit null exception at 0x000001f8f32443eb to 0x000001f8f32444a4

ZGC Phase Switch (0 events):
No events

VM Operations (20 events):
Event: 11.513 Executing VM operation: ICBufferFull done
Event: 11.711 Executing VM operation: ICBufferFull
Event: 11.711 Executing VM operation: ICBufferFull done
Event: 11.757 Executing VM operation: HandshakeAllThreads (Deoptimize)
Event: 11.757 Executing VM operation: HandshakeAllThreads (Deoptimize) done
Event: 11.799 Executing VM operation: G1CollectForAllocation (G1 Evacuation Pause)
Event: 11.808 Executing VM operation: G1CollectForAllocation (G1 Evacuation Pause) done
Event: 11.963 Executing VM operation: ICBufferFull
Event: 11.963 Executing VM operation: ICBufferFull done
Event: 12.193 Executing VM operation: ICBufferFull
Event: 12.193 Executing VM operation: ICBufferFull done
Event: 12.335 Executing VM operation: G1CollectForAllocation (G1 Evacuation Pause)
Event: 12.343 Executing VM operation: G1CollectForAllocation (G1 Evacuation Pause) done
Event: 12.592 Executing VM operation: G1CollectForAllocation (G1 Evacuation Pause)
Event: 12.597 Executing VM operation: G1CollectForAllocation (G1 Evacuation Pause) done
Event: 12.850 Executing VM operation: ICBufferFull
Event: 12.850 Executing VM operation: ICBufferFull done
Event: 12.851 Executing VM operation: ICBufferFull
Event: 12.851 Executing VM operation: ICBufferFull done
Event: 12.868 Executing VM operation: G1CollectForAllocation (G1 Evacuation Pause)

Memory protections (0 events):
No events

Nmethod flushes (20 events):
Event: 10.344 Thread 0x000001f884018be0 flushing  nmethod 0x000001f8eb468010
Event: 10.344 Thread 0x000001f884018be0 flushing  nmethod 0x000001f8eb46ff90
Event: 10.344 Thread 0x000001f884018be0 flushing  nmethod 0x000001f8eb471e90
Event: 10.344 Thread 0x000001f884018be0 flushing  nmethod 0x000001f8eb4def10
Event: 10.344 Thread 0x000001f884018be0 flushing  nmethod 0x000001f8eb4e0b10
Event: 10.344 Thread 0x000001f884018be0 flushing  nmethod 0x000001f8eb4e3590
Event: 10.344 Thread 0x000001f884018be0 flushing  nmethod 0x000001f8eb4e4610
Event: 10.344 Thread 0x000001f884018be0 flushing  nmethod 0x000001f8eb4e7c10
Event: 10.344 Thread 0x000001f884018be0 flushing  nmethod 0x000001f8eb4e8810
Event: 10.344 Thread 0x000001f884018be0 flushing  nmethod 0x000001f8eb4e8c10
Event: 10.344 Thread 0x000001f884018be0 flushing  nmethod 0x000001f8eb526e10
Event: 10.344 Thread 0x000001f884018be0 flushing  nmethod 0x000001f8eb527990
Event: 10.344 Thread 0x000001f884018be0 flushing  nmethod 0x000001f8eb528c90
Event: 10.344 Thread 0x000001f884018be0 flushing  nmethod 0x000001f8eb52ab90
Event: 10.344 Thread 0x000001f884018be0 flushing  nmethod 0x000001f8eb52b790
Event: 10.344 Thread 0x000001f884018be0 flushing  nmethod 0x000001f8eb62ec90
Event: 10.344 Thread 0x000001f884018be0 flushing  nmethod 0x000001f8eb635190
Event: 10.344 Thread 0x000001f884018be0 flushing  nmethod 0x000001f8eb714310
Event: 10.344 Thread 0x000001f884018be0 flushing  nmethod 0x000001f8eb715410
Event: 10.344 Thread 0x000001f884018be0 flushing  nmethod 0x000001f8eb71a190

Events (20 events):
Event: 11.972 Thread 0x000001f885eaeb80 Thread added: 0x000001f887a57b40
Event: 11.975 Thread 0x000001f885eaeb80 Thread added: 0x000001f887a56e20
Event: 11.982 Thread 0x000001f885eaeb80 Thread added: 0x000001f887a574b0
Event: 11.985 Thread 0x000001f885eaeb80 Thread added: 0x000001f887a58860
Event: 11.987 Thread 0x000001f885eaeb80 Thread added: 0x000001f887a553e0
Event: 11.991 Thread 0x000001f885eaeb80 Thread added: 0x000001f887a58ef0
Event: 11.993 Thread 0x000001f885eaeb80 Thread added: 0x000001f887a55a70
Event: 11.996 Thread 0x000001f885eaeb80 Thread added: 0x000001f887a5b650
Event: 12.202 Thread 0x000001f88408c780 Thread added: 0x000001f889931e50
Event: 12.312 Thread 0x000001f885eaeb80 Thread added: 0x000001f887a59580
Event: 12.314 Thread 0x000001f885eaeb80 Thread added: 0x000001f887a5a930
Event: 12.314 Thread 0x000001f885eaeb80 Thread added: 0x000001f887a59c10
Event: 12.315 Thread 0x000001f885eaeb80 Thread added: 0x000001f887a5afc0
Event: 12.316 Thread 0x000001f885eaeb80 Thread added: 0x000001f887a5bce0
Event: 12.317 Thread 0x000001f885eaeb80 Thread added: 0x000001f887a5c370
Event: 12.319 Thread 0x000001f885eaeb80 Thread added: 0x000001f887a5a2a0
Event: 12.319 Thread 0x000001f885eaeb80 Thread added: 0x000001f886173500
Event: 12.321 Thread 0x000001f885eaeb80 Thread added: 0x000001f886174f40
Event: 12.321 Thread 0x000001f885eaeb80 Thread added: 0x000001f886173b90
Event: 12.322 Thread 0x000001f885eaeb80 Thread added: 0x000001f886177010


Dynamic libraries:
0x00007ff7e51c0000 - 0x00007ff7e51ca000 	C:\Program Files\Android\Android Studio\jbr\bin\java.exe
0x00007ffd92060000 - 0x00007ffd922c0000 	C:\WINDOWS\SYSTEM32\ntdll.dll
0x00007ffd90ed0000 - 0x00007ffd90f97000 	C:\WINDOWS\System32\KERNEL32.DLL
0x00007ffd8f850000 - 0x00007ffd8fc1a000 	C:\WINDOWS\System32\KERNELBASE.dll
0x00007ffd8fc20000 - 0x00007ffd8fd6b000 	C:\WINDOWS\System32\ucrtbase.dll
0x00007ffd7ae80000 - 0x00007ffd7ae9b000 	C:\Program Files\Android\Android Studio\jbr\bin\VCRUNTIME140.dll
0x00007ffd7c480000 - 0x00007ffd7c498000 	C:\Program Files\Android\Android Studio\jbr\bin\jli.dll
0x00007ffd91280000 - 0x00007ffd9144c000 	C:\WINDOWS\System32\USER32.dll
0x00007ffd6e910000 - 0x00007ffd6eba7000 	C:\WINDOWS\WinSxS\amd64_microsoft.windows.common-controls_6595b64144ccf1df_6.0.26100.3624_none_3e086962e3345f24\COMCTL32.dll
0x00007ffd8fe30000 - 0x00007ffd8fe57000 	C:\WINDOWS\System32\win32u.dll
0x00007ffd91d10000 - 0x00007ffd91db9000 	C:\WINDOWS\System32\msvcrt.dll
0x00007ffd91ff0000 - 0x00007ffd9201a000 	C:\WINDOWS\System32\GDI32.dll
0x00007ffd8f510000 - 0x00007ffd8f641000 	C:\WINDOWS\System32\gdi32full.dll
0x00007ffd8f240000 - 0x00007ffd8f2e3000 	C:\WINDOWS\System32\msvcp_win.dll
0x00007ffd90580000 - 0x00007ffd905af000 	C:\WINDOWS\System32\IMM32.DLL
0x00007ffd87330000 - 0x00007ffd8733c000 	C:\Program Files\Android\Android Studio\jbr\bin\vcruntime140_1.dll
0x00007ffd6aa60000 - 0x00007ffd6aaed000 	C:\Program Files\Android\Android Studio\jbr\bin\msvcp140.dll
0x00007ffd39a30000 - 0x00007ffd3a6b3000 	C:\Program Files\Android\Android Studio\jbr\bin\server\jvm.dll
0x00007ffd91dc0000 - 0x00007ffd91e72000 	C:\WINDOWS\System32\ADVAPI32.dll
0x00007ffd918d0000 - 0x00007ffd91976000 	C:\WINDOWS\System32\sechost.dll
0x00007ffd914d0000 - 0x00007ffd915e6000 	C:\WINDOWS\System32\RPCRT4.dll
0x00007ffd90630000 - 0x00007ffd906a4000 	C:\WINDOWS\System32\WS2_32.dll
0x00007ffd8f090000 - 0x00007ffd8f0ee000 	C:\WINDOWS\SYSTEM32\POWRPROF.dll
0x00007ffd6ef80000 - 0x00007ffd6ef8b000 	C:\WINDOWS\SYSTEM32\VERSION.dll
0x00007ffd83ed0000 - 0x00007ffd83f06000 	C:\WINDOWS\SYSTEM32\WINMM.dll
0x00007ffd8f070000 - 0x00007ffd8f084000 	C:\WINDOWS\SYSTEM32\UMPDC.dll
0x00007ffd8dfb0000 - 0x00007ffd8dfca000 	C:\WINDOWS\SYSTEM32\kernel.appcore.dll
0x00007ffd872f0000 - 0x00007ffd872fa000 	C:\Program Files\Android\Android Studio\jbr\bin\jimage.dll
0x00007ffd8c870000 - 0x00007ffd8cab1000 	C:\WINDOWS\SYSTEM32\DBGHELP.DLL
0x00007ffd91980000 - 0x00007ffd91d02000 	C:\WINDOWS\System32\combase.dll
0x00007ffd91e80000 - 0x00007ffd91f56000 	C:\WINDOWS\System32\OLEAUT32.dll
0x00007ffd5f350000 - 0x00007ffd5f389000 	C:\WINDOWS\SYSTEM32\dbgcore.DLL
0x00007ffd8f2f0000 - 0x00007ffd8f389000 	C:\WINDOWS\System32\bcryptPrimitives.dll
0x00007ffd7c0d0000 - 0x00007ffd7c0de000 	C:\Program Files\Android\Android Studio\jbr\bin\instrument.dll
0x00007ffd7ae60000 - 0x00007ffd7ae80000 	C:\Program Files\Android\Android Studio\jbr\bin\java.dll
0x00007ffd7ae00000 - 0x00007ffd7ae18000 	C:\Program Files\Android\Android Studio\jbr\bin\zip.dll
0x00007ffd906b0000 - 0x00007ffd90dd9000 	C:\WINDOWS\System32\SHELL32.dll
0x00007ffd8f650000 - 0x00007ffd8f7b8000 	C:\WINDOWS\System32\wintypes.dll
0x00007ffd8ceb0000 - 0x00007ffd8d702000 	C:\WINDOWS\SYSTEM32\windows.storage.dll
0x00007ffd90de0000 - 0x00007ffd90ecd000 	C:\WINDOWS\System32\SHCORE.dll
0x00007ffd905c0000 - 0x00007ffd90624000 	C:\WINDOWS\System32\shlwapi.dll
0x00007ffd8f150000 - 0x00007ffd8f17f000 	C:\WINDOWS\SYSTEM32\profapi.dll
0x00007ffd85b30000 - 0x00007ffd85b40000 	C:\Program Files\Android\Android Studio\jbr\bin\net.dll
0x00007ffd7e570000 - 0x00007ffd7e68d000 	C:\WINDOWS\SYSTEM32\WINHTTP.dll
0x00007ffd8e570000 - 0x00007ffd8e5da000 	C:\WINDOWS\system32\mswsock.dll
0x00007ffd7ac80000 - 0x00007ffd7ac96000 	C:\Program Files\Android\Android Studio\jbr\bin\nio.dll
0x00007ffd7c2f0000 - 0x00007ffd7c300000 	C:\Program Files\Android\Android Studio\jbr\bin\verify.dll
0x00007ffd7aca0000 - 0x00007ffd7acc7000 	C:\Users\Acer\.gradle\native\c067742578af261105cb4f569cf0c3c89f3d7b1fecec35dd04571415982c5e48\windows-amd64\native-platform.dll
0x00007ffd4b740000 - 0x00007ffd4b884000 	C:\Users\Acer\.gradle\native\100fb08df4bc3b14c8652ba06237920a3bd2aa13389f12d3474272988ae205f9\windows-amd64\native-platform-file-events.dll
0x00007ffd7c580000 - 0x00007ffd7c589000 	C:\Program Files\Android\Android Studio\jbr\bin\management.dll
0x00007ffd7c540000 - 0x00007ffd7c54b000 	C:\Program Files\Android\Android Studio\jbr\bin\management_ext.dll
0x00007ffd902f0000 - 0x00007ffd902f8000 	C:\WINDOWS\System32\PSAPI.DLL
0x00007ffd8e820000 - 0x00007ffd8e83c000 	C:\WINDOWS\SYSTEM32\CRYPTSP.dll
0x00007ffd8dfd0000 - 0x00007ffd8e00a000 	C:\WINDOWS\system32\rsaenh.dll
0x00007ffd8e610000 - 0x00007ffd8e63b000 	C:\WINDOWS\SYSTEM32\USERENV.dll
0x00007ffd8f120000 - 0x00007ffd8f146000 	C:\WINDOWS\SYSTEM32\bcrypt.dll
0x00007ffd8e810000 - 0x00007ffd8e81c000 	C:\WINDOWS\SYSTEM32\CRYPTBASE.dll
0x00007ffd8da80000 - 0x00007ffd8dab3000 	C:\WINDOWS\SYSTEM32\IPHLPAPI.DLL
0x00007ffd90570000 - 0x00007ffd9057a000 	C:\WINDOWS\System32\NSI.dll
0x00007ffd7eb30000 - 0x00007ffd7eb39000 	C:\Program Files\Android\Android Studio\jbr\bin\extnet.dll
0x00007ffd608c0000 - 0x00007ffd608c8000 	C:\WINDOWS\system32\wshunix.dll

dbghelp: loaded successfully - version: 4.0.5 - missing functions: none
symbol engine: initialized successfully - sym options: 0x614 - pdb path: .;C:\Program Files\Android\Android Studio\jbr\bin;C:\WINDOWS\SYSTEM32;C:\WINDOWS\WinSxS\amd64_microsoft.windows.common-controls_6595b64144ccf1df_6.0.26100.3624_none_3e086962e3345f24;C:\Program Files\Android\Android Studio\jbr\bin\server;C:\Users\Acer\.gradle\native\c067742578af261105cb4f569cf0c3c89f3d7b1fecec35dd04571415982c5e48\windows-amd64;C:\Users\Acer\.gradle\native\100fb08df4bc3b14c8652ba06237920a3bd2aa13389f12d3474272988ae205f9\windows-amd64

VM Arguments:
jvm_args: --add-opens=java.base/java.util=ALL-UNNAMED --add-opens=java.base/java.lang=ALL-UNNAMED --add-opens=java.base/java.lang.invoke=ALL-UNNAMED --add-opens=java.prefs/java.util.prefs=ALL-UNNAMED --add-exports=jdk.compiler/com.sun.tools.javac.api=ALL-UNNAMED --add-exports=jdk.compiler/com.sun.tools.javac.util=ALL-UNNAMED --add-opens=java.base/java.nio.charset=ALL-UNNAMED --add-opens=java.base/java.net=ALL-UNNAMED --add-opens=java.base/java.util.concurrent.atomic=ALL-UNNAMED -Xmx2048m -Dfile.encoding=UTF-8 -Duser.country=PH -Duser.language=en -Duser.variant -javaagent:C:\Users\Acer\.gradle\wrapper\dists\gradle-8.10.2-bin\a04bxjujx95o3nb99gddekhwo\gradle-8.10.2\lib\agents\gradle-instrumentation-agent-8.10.2.jar 
java_command: org.gradle.launcher.daemon.bootstrap.GradleDaemon 8.10.2
java_class_path (initial): C:\Users\Acer\.gradle\wrapper\dists\gradle-8.10.2-bin\a04bxjujx95o3nb99gddekhwo\gradle-8.10.2\lib\gradle-daemon-main-8.10.2.jar
Launcher Type: SUN_STANDARD

[Global flags]
     intx CICompilerCount                          = 4                                         {product} {ergonomic}
     uint ConcGCThreads                            = 3                                         {product} {ergonomic}
     uint G1ConcRefinementThreads                  = 10                                        {product} {ergonomic}
   size_t G1HeapRegionSize                         = 1048576                                   {product} {ergonomic}
    uintx GCDrainStackTargetSize                   = 64                                        {product} {ergonomic}
   size_t InitialHeapSize                          = 130023424                                 {product} {ergonomic}
   size_t MarkStackSize                            = 4194304                                   {product} {ergonomic}
   size_t MaxHeapSize                              = 2147483648                                {product} {command line}
   size_t MaxNewSize                               = 1287651328                                {product} {ergonomic}
   size_t MinHeapDeltaBytes                        = 1048576                                   {product} {ergonomic}
   size_t MinHeapSize                              = 8388608                                   {product} {ergonomic}
    uintx NonNMethodCodeHeapSize                   = 5839372                                {pd product} {ergonomic}
    uintx NonProfiledCodeHeapSize                  = 122909434                              {pd product} {ergonomic}
    uintx ProfiledCodeHeapSize                     = 122909434                              {pd product} {ergonomic}
    uintx ReservedCodeCacheSize                    = 251658240                              {pd product} {ergonomic}
     bool SegmentedCodeCache                       = true                                      {product} {ergonomic}
   size_t SoftMaxHeapSize                          = 2147483648                             {manageable} {ergonomic}
     bool UseCompressedOops                        = true                           {product lp64_product} {ergonomic}
     bool UseG1GC                                  = true                                      {product} {ergonomic}
     bool UseLargePagesIndividualAllocation        = false                                  {pd product} {ergonomic}

Logging:
Log output configuration:
 #0: stdout all=warning uptime,level,tags foldmultilines=false
 #1: stderr all=off uptime,level,tags foldmultilines=false

Environment Variables:
PATH=C:\Program Files\Microsoft MPI\Bin\;C:\Program Files (x86)\Common Files\Oracle\Java\javapath;C:\WINDOWS\system32;C:\WINDOWS;C:\WINDOWS\System32\Wbem;C:\WINDOWS\System32\WindowsPowerShell\v1.0\;C:\WINDOWS\System32\OpenSSH\;C:\Program Files\Git\cmd;C:\Program Files (x86)\Microsoft SQL Server\160\DTS\Binn\;C:\Program Files (x86)\Microsoft SQL Server\160\Tools\Binn\;C:\Program Files\Microsoft SQL Server\160\Tools\Binn\;C:\Program Files\Microsoft SQL Server\Client SDK\ODBC\170\Tools\Binn\;C:\Program Files\Microsoft SQL Server\160\DTS\Binn\;C:\Users\Acer\AppData\Local\Microsoft\WindowsApps;C:\Users\Acer\AppData\Local\Programs\Microsoft VS Code\bin
USERNAME=Acer
OS=Windows_NT
PROCESSOR_IDENTIFIER=Intel64 Family 6 Model 186 Stepping 3, GenuineIntel
TMP=C:\Users\Acer\AppData\Local\Temp
TEMP=C:\Users\Acer\AppData\Local\Temp




Periodic native trim disabled

JNI global refs:
JNI global refs: 29, weak refs: 6

JNI global refs memory usage: 835, weak refs: 833

Process memory usage:
Resident Set Size: 296772K (3% of 8069112K total physical memory with 795268K free physical memory)

OOME stack traces (most recent first):
Classloader memory used:
Loader org.gradle.internal.classloader.VisitableURLClassLoader                         : 33429K
Loader bootstrap                                                                       : 22810K
Loader org.gradle.initialization.MixInLegacyTypesClassLoader                           : 9476K
Loader jdk.internal.loader.ClassLoaders$PlatformClassLoader                            : 501K
Loader jdk.internal.loader.ClassLoaders$AppClassLoader                                 : 234K
Loader org.gradle.internal.classloader.VisitableURLClassLoader                         : 112K
Loader jdk.internal.reflect.DelegatingClassLoader                                      : 82344B

Classes loaded by more than one classloader:
Class Program                                                                         : loaded 3 times (x 68B)
Class org.gradle.internal.classloader.ClassLoaderHierarchy                            : loaded 2 times (x 66B)
Class org.gradle.api.internal.classpath.ManifestUtil                                  : loaded 2 times (x 67B)
Class org.gradle.internal.classloader.DefaultClassLoaderFactory                       : loaded 2 times (x 78B)
Class org.gradle.internal.classloader.ClassLoaderVisitor                              : loaded 2 times (x 72B)
Class org.gradle.api.internal.classpath.EffectiveClassPath                            : loaded 2 times (x 86B)
Class org.gradle.api.internal.DefaultClassPathProvider                                : loaded 2 times (x 72B)
Class [Lorg.gradle.api.internal.ClassPathProvider;                                    : loaded 2 times (x 65B)
Class org.gradle.api.internal.ClassPathProvider                                       : loaded 2 times (x 66B)
Class org.gradle.internal.service.UnknownServiceException                             : loaded 2 times (x 79B)
Class org.gradle.internal.classpath.TransformedClassPath                              : loaded 2 times (x 92B)
Class org.gradle.internal.classloader.InstrumentingClassLoader                        : loaded 2 times (x 66B)
Class org.gradle.internal.service.ServiceLocator                                      : loaded 2 times (x 66B)
Class org.gradle.internal.InternalTransformer                                         : loaded 2 times (x 66B)
Class org.gradle.internal.classloader.ClasspathUtil$1                                 : loaded 2 times (x 72B)
Class org.gradle.api.internal.classpath.DefaultModuleRegistry$DefaultModule           : loaded 2 times (x 82B)
Class org.gradle.api.internal.classpath.Module                                        : loaded 2 times (x 66B)
Class org.gradle.api.internal.classpath.UnknownModuleException                        : loaded 2 times (x 78B)
Class org.gradle.api.internal.DefaultClassPathRegistry                                : loaded 2 times (x 72B)
Class org.gradle.api.internal.ClassPathRegistry                                       : loaded 2 times (x 66B)
Class org.gradle.internal.classpath.DefaultClassPath$ImmutableUniqueList              : loaded 2 times (x 195B)
Class org.gradle.internal.classloader.FilteringClassLoader                            : loaded 2 times (x 101B)
Class Settings_gradle$1                                                               : loaded 2 times (x 70B)
Class org.gradle.internal.classpath.ClassPath                                         : loaded 2 times (x 66B)
Class org.gradle.api.UncheckedIOException                                             : loaded 2 times (x 78B)
Class org.gradle.internal.installation.GradleInstallation$1                           : loaded 2 times (x 71B)
Class org.gradle.api.internal.classpath.ModuleRegistry                                : loaded 2 times (x 66B)
Class org.gradle.api.internal.classpath.DefaultModuleRegistry                         : loaded 2 times (x 82B)
Class org.gradle.internal.service.ServiceLookupException                              : loaded 2 times (x 78B)
Class org.gradle.internal.classloader.ClassLoaderFactory                              : loaded 2 times (x 66B)
Class org.gradle.internal.service.CachingServiceLocator                               : loaded 2 times (x 78B)
Class org.gradle.internal.classloader.ClasspathUtil                                   : loaded 2 times (x 67B)
Class org.gradle.api.specs.Spec                                                       : loaded 2 times (x 66B)
Class org.gradle.internal.classloader.VisitableURLClassLoader$InstrumentingVisitableURLClassLoader: loaded 2 times (x 119B)
Class org.gradle.internal.classloader.VisitableURLClassLoader$Spec                    : loaded 2 times (x 70B)
Class org.gradle.internal.classpath.DefaultClassPath                                  : loaded 2 times (x 86B)
Class org.gradle.internal.classloader.ClassLoaderSpec                                 : loaded 2 times (x 67B)
Class Settings_gradle$1$1                                                             : loaded 2 times (x 70B)
Class org.gradle.internal.classloader.VisitableURLClassLoader                         : loaded 2 times (x 113B)
Class Settings_gradle                                                                 : loaded 2 times (x 124B)
Class org.gradle.internal.Cast                                                        : loaded 2 times (x 67B)
Class org.gradle.api.Action                                                           : loaded 2 times (x 66B)
Class org.gradle.internal.classpath.DefaultClassPath$ImmutableUniqueList$Builder      : loaded 2 times (x 71B)
Class org.gradle.api.GradleException                                                  : loaded 2 times (x 78B)
Class org.gradle.internal.IoActions                                                   : loaded 2 times (x 67B)
Class org.gradle.internal.classloader.SystemClassLoaderSpec                           : loaded 2 times (x 67B)
Class org.gradle.api.internal.classpath.GlobalCacheRootsProvider                      : loaded 2 times (x 66B)
Class org.gradle.internal.installation.CurrentGradleInstallationLocator               : loaded 2 times (x 67B)
Class org.gradle.internal.service.DefaultServiceLocator                               : loaded 2 times (x 79B)
Class org.gradle.internal.installation.CurrentGradleInstallation                      : loaded 2 times (x 69B)
Class org.gradle.util.internal.GUtil                                                  : loaded 2 times (x 67B)
Class org.gradle.internal.installation.GradleInstallation                             : loaded 2 times (x 71B)

---------------  S Y S T E M  ---------------

OS:
 Windows 11 , 64 bit Build 26100 (10.0.26100.3775)
OS uptime: 1 days 9:18 hours
Hyper-V role detected

CPU: total 12 (initial active 12) (6 cores per cpu, 2 threads per core) family 6 model 186 stepping 3 microcode 0x411f, cx8, cmov, fxsr, ht, mmx, 3dnowpref, sse, sse2, sse3, ssse3, sse4.1, sse4.2, popcnt, lzcnt, tsc, tscinvbit, avx, avx2, aes, erms, clmul, bmi1, bmi2, adx, sha, fma, vzeroupper, clflush, clflushopt, clwb, hv, serialize, rdtscp, rdpid, fsrm, f16c, cet_ibt, cet_ss
Processor Information for processor 0
  Max Mhz: 1400, Current Mhz: 1400, Mhz Limit: 1400
Processor Information for processor 1
  Max Mhz: 1400, Current Mhz: 1400, Mhz Limit: 1400
Processor Information for processor 2
  Max Mhz: 1400, Current Mhz: 1400, Mhz Limit: 1400
Processor Information for processor 3
  Max Mhz: 1400, Current Mhz: 1400, Mhz Limit: 1400
Processor Information for processor 4
  Max Mhz: 1400, Current Mhz: 900, Mhz Limit: 896
Processor Information for processor 5
  Max Mhz: 1400, Current Mhz: 900, Mhz Limit: 896
Processor Information for processor 6
  Max Mhz: 1400, Current Mhz: 900, Mhz Limit: 896
Processor Information for processor 7
  Max Mhz: 1400, Current Mhz: 900, Mhz Limit: 896
Processor Information for processor 8
  Max Mhz: 1400, Current Mhz: 900, Mhz Limit: 896
Processor Information for processor 9
  Max Mhz: 1400, Current Mhz: 900, Mhz Limit: 896
Processor Information for processor 10
  Max Mhz: 1400, Current Mhz: 900, Mhz Limit: 896
Processor Information for processor 11
  Max Mhz: 1400, Current Mhz: 900, Mhz Limit: 896

Memory: 4k page, system-wide physical 7879M (776M free)
TotalPageFile size 32455M (AvailPageFile size 15M)
current process WorkingSet (physical memory assigned to process): 289M, peak: 296M
current process commit charge ("private bytes"): 358M, peak: 376M

vm_info: OpenJDK 64-Bit Server VM (21.0.4+-12508038-b607.1) for windows-amd64 JRE (21.0.4+-12508038-b607.1), built on 2024-10-16T17:23:34Z by "builder" with MS VC++ 16.10 / 16.11 (VS2019)

END.
